{"meta": {"format": 3, "version": "7.13.0", "timestamp": "2026-01-23T14:02:09.391973", "branch_coverage": false, "show_contexts": false}, "files": {"summarize_links\\__init__.py": {"executed_lines": [1, 9], "summary": {"covered_lines": 1, "num_statements": 1, "percent_covered": 100.0, "percent_covered_display": "100", "missing_lines": 0, "excluded_lines": 0, "percent_statements_covered": 100.0, "percent_statements_covered_display": "100"}, "missing_lines": [], "excluded_lines": [], "functions": {"": {"executed_lines": [1, 9], "summary": {"covered_lines": 1, "num_statements": 1, "percent_covered": 100.0, "percent_covered_display": "100", "missing_lines": 0, "excluded_lines": 0, "percent_statements_covered": 100.0, "percent_statements_covered_display": "100"}, "missing_lines": [], "excluded_lines": []}}, "classes": {"": {"executed_lines": [1, 9], "summary": {"covered_lines": 1, "num_statements": 1, "percent_covered": 100.0, "percent_covered_display": "100", "missing_lines": 0, "excluded_lines": 0, "percent_statements_covered": 100.0, "percent_statements_covered_display": "100"}, "missing_lines": [], "excluded_lines": []}}}, "summarize_links\\chat\\__init__.py": {"executed_lines": [1, 20, 21, 22, 28], "summary": {"covered_lines": 4, "num_statements": 4, "percent_covered": 100.0, "percent_covered_display": "100", "missing_lines": 0, "excluded_lines": 0, "percent_statements_covered": 100.0, "percent_statements_covered_display": "100"}, "missing_lines": [], "excluded_lines": [], "functions": {"": {"executed_lines": [1, 20, 21, 22, 28], "summary": {"covered_lines": 4, "num_statements": 4, "percent_covered": 100.0, "percent_covered_display": "100", "missing_lines": 0, "excluded_lines": 0, "percent_statements_covered": 100.0, "percent_statements_covered_display": "100"}, "missing_lines": [], "excluded_lines": []}}, "classes": {"": {"executed_lines": [1, 20, 21, 22, 28], "summary": {"covered_lines": 4, "num_statements": 4, "percent_covered": 100.0, "percent_covered_display": "100", "missing_lines": 0, "excluded_lines": 0, "percent_statements_covered": 100.0, "percent_statements_covered_display": "100"}, "missing_lines": [], "excluded_lines": []}}}, "summarize_links\\chat\\azure_client.py": {"executed_lines": [1, 12, 13, 14, 15, 17, 18, 20, 22, 29, 32, 35, 36, 38, 52, 53, 54, 56, 57, 68, 69, 70, 71, 72, 73, 74, 76, 83, 84, 86, 104, 105, 106, 107, 108, 110, 111, 113, 115, 116, 127, 130, 131, 132, 139, 140, 141, 142, 143, 144, 145, 146, 149, 150, 151, 157, 166, 167, 174, 181, 182, 183, 184, 186, 187, 188, 189, 190, 192, 199, 201, 202, 204, 206, 209, 210, 213, 214, 215, 217, 218, 219, 220, 221, 223, 224, 231, 232, 233, 234, 237, 238, 239, 241, 247, 250, 252, 255, 259, 260, 262, 263, 266, 275, 276, 277, 278, 279, 280, 287, 288, 289, 291, 293, 294, 296, 298, 299, 300, 302, 303, 305, 307, 309, 311, 312, 320, 321, 323, 324, 325, 326, 328, 329, 331, 334, 336, 337, 339, 342, 344, 351, 360, 361, 373, 389, 390, 391, 392, 393, 395, 401, 403, 405, 406, 410, 412, 433, 434, 435, 437, 438, 448, 449, 451, 473, 476, 481, 482, 484, 486, 488, 489, 491, 492, 494, 495, 497, 498, 499, 501, 502, 503, 505, 506, 507, 509, 531, 534, 540, 543, 547, 550, 551, 552, 555, 559, 560, 561, 567, 590, 592, 598, 601, 605, 606, 607, 608, 610, 611, 612, 622, 623, 625, 627, 628, 630], "summary": {"covered_lines": 212, "num_statements": 245, "percent_covered": 86.53061224489795, "percent_covered_display": "87", "missing_lines": 33, "excluded_lines": 0, "percent_statements_covered": 86.53061224489795, "percent_statements_covered_display": "87"}, "missing_lines": [133, 134, 135, 136, 242, 264, 265, 308, 314, 316, 317, 318, 332, 333, 340, 341, 541, 545, 548, 553, 556, 557, 563, 564, 565, 599, 603, 614, 615, 616, 618, 619, 620], "excluded_lines": [], "functions": {"FunctionCall.__init__": {"executed_lines": [52, 53, 54], "summary": {"covered_lines": 3, "num_statements": 3, "percent_covered": 100.0, "percent_covered_display": "100", "missing_lines": 0, "excluded_lines": 0, "percent_statements_covered": 100.0, "percent_statements_covered_display": "100"}, "missing_lines": [], "excluded_lines": []}, "FunctionCall.from_output_item": {"executed_lines": [68, 69, 70, 71, 72, 73, 74, 76], "summary": {"covered_lines": 8, "num_statements": 8, "percent_covered": 100.0, "percent_covered_display": "100", "missing_lines": 0, "excluded_lines": 0, "percent_statements_covered": 100.0, "percent_statements_covered_display": "100"}, "missing_lines": [], "excluded_lines": []}, "ChatResponse.__init__": {"executed_lines": [104, 105, 106, 107, 108], "summary": {"covered_lines": 5, "num_statements": 5, "percent_covered": 100.0, "percent_covered_display": "100", "missing_lines": 0, "excluded_lines": 0, "percent_statements_covered": 100.0, "percent_statements_covered_display": "100"}, "missing_lines": [], "excluded_lines": []}, "ChatResponse.has_function_calls": {"executed_lines": [113], "summary": {"covered_lines": 1, "num_statements": 1, "percent_covered": 100.0, "percent_covered_display": "100", "missing_lines": 0, "excluded_lines": 0, "percent_statements_covered": 100.0, "percent_statements_covered_display": "100"}, "missing_lines": [], "excluded_lines": []}, "ChatResponse.from_api_response": {"executed_lines": [127, 130, 131, 132, 139, 140, 141, 142, 143, 144, 145, 146, 149, 150, 151, 157], "summary": {"covered_lines": 16, "num_statements": 20, "percent_covered": 80.0, "percent_covered_display": "80", "missing_lines": 4, "excluded_lines": 0, "percent_statements_covered": 80.0, "percent_statements_covered_display": "80"}, "missing_lines": [133, 134, 135, 136], "excluded_lines": []}, "StreamingChatResponse.__init__": {"executed_lines": [181, 182, 183, 184, 186, 187, 188, 189, 190], "summary": {"covered_lines": 9, "num_statements": 9, "percent_covered": 100.0, "percent_covered_display": "100", "missing_lines": 0, "excluded_lines": 0, "percent_statements_covered": 100.0, "percent_statements_covered_display": "100"}, "missing_lines": [], "excluded_lines": []}, "StreamingChatResponse.__iter__": {"executed_lines": [199, 201, 202, 204, 206, 209, 210, 213, 214, 215, 217, 218, 219, 220, 221, 223, 224, 231, 232, 233, 234, 237, 238, 239, 241, 247, 250, 252, 255, 259, 260, 262, 263, 266, 275, 276, 277, 278, 279, 280, 287, 288, 289, 291], "summary": {"covered_lines": 44, "num_statements": 47, "percent_covered": 93.61702127659575, "percent_covered_display": "94", "missing_lines": 3, "excluded_lines": 0, "percent_statements_covered": 93.61702127659575, "percent_statements_covered_display": "94"}, "missing_lines": [242, 264, 265], "excluded_lines": []}, "StreamingChatResponse.content": {"executed_lines": [296, 298, 299, 300], "summary": {"covered_lines": 4, "num_statements": 4, "percent_covered": 100.0, "percent_covered_display": "100", "missing_lines": 0, "excluded_lines": 0, "percent_statements_covered": 100.0, "percent_statements_covered_display": "100"}, "missing_lines": [], "excluded_lines": []}, "StreamingChatResponse.function_calls": {"executed_lines": [305, 307, 309], "summary": {"covered_lines": 3, "num_statements": 4, "percent_covered": 75.0, "percent_covered_display": "75", "missing_lines": 1, "excluded_lines": 0, "percent_statements_covered": 75.0, "percent_statements_covered_display": "75"}, "missing_lines": [308], "excluded_lines": []}, "StreamingChatResponse.has_function_calls": {"executed_lines": [], "summary": {"covered_lines": 0, "num_statements": 4, "percent_covered": 0.0, "percent_covered_display": "0", "missing_lines": 4, "excluded_lines": 0, "percent_statements_covered": 0.0, "percent_statements_covered_display": "0"}, "missing_lines": [314, 316, 317, 318], "excluded_lines": []}, "StreamingChatResponse.response_id": {"executed_lines": [323, 324, 325, 326], "summary": {"covered_lines": 4, "num_statements": 4, "percent_covered": 100.0, "percent_covered_display": "100", "missing_lines": 0, "excluded_lines": 0, "percent_statements_covered": 100.0, "percent_statements_covered_display": "100"}, "missing_lines": [], "excluded_lines": []}, "StreamingChatResponse.status": {"executed_lines": [331, 334], "summary": {"covered_lines": 2, "num_statements": 4, "percent_covered": 50.0, "percent_covered_display": "50", "missing_lines": 2, "excluded_lines": 0, "percent_statements_covered": 50.0, "percent_statements_covered_display": "50"}, "missing_lines": [332, 333], "excluded_lines": []}, "StreamingChatResponse.usage": {"executed_lines": [339, 342], "summary": {"covered_lines": 2, "num_statements": 4, "percent_covered": 50.0, "percent_covered_display": "50", "missing_lines": 2, "excluded_lines": 0, "percent_statements_covered": 50.0, "percent_statements_covered_display": "50"}, "missing_lines": [340, 341], "excluded_lines": []}, "StreamingChatResponse.to_response": {"executed_lines": [351], "summary": {"covered_lines": 1, "num_statements": 1, "percent_covered": 100.0, "percent_covered_display": "100", "missing_lines": 0, "excluded_lines": 0, "percent_statements_covered": 100.0, "percent_statements_covered_display": "100"}, "missing_lines": [], "excluded_lines": []}, "AzureChatClient.__init__": {"executed_lines": [389, 390, 391, 392, 393, 395], "summary": {"covered_lines": 6, "num_statements": 6, "percent_covered": 100.0, "percent_covered_display": "100", "missing_lines": 0, "excluded_lines": 0, "percent_statements_covered": 100.0, "percent_statements_covered_display": "100"}, "missing_lines": [], "excluded_lines": []}, "AzureChatClient._get_client": {"executed_lines": [403, 405, 406, 410], "summary": {"covered_lines": 4, "num_statements": 4, "percent_covered": 100.0, "percent_covered_display": "100", "missing_lines": 0, "excluded_lines": 0, "percent_statements_covered": 100.0, "percent_statements_covered_display": "100"}, "missing_lines": [], "excluded_lines": []}, "AzureChatClient._convert_tools_for_responses_api": {"executed_lines": [433, 434, 435, 437, 438, 448, 449], "summary": {"covered_lines": 7, "num_statements": 7, "percent_covered": 100.0, "percent_covered_display": "100", "missing_lines": 0, "excluded_lines": 0, "percent_statements_covered": 100.0, "percent_statements_covered_display": "100"}, "missing_lines": [], "excluded_lines": []}, "AzureChatClient.chat": {"executed_lines": [473, 476, 481, 482, 484, 486, 488, 489, 491, 492, 494, 495, 497, 498, 499, 501, 502, 503, 505, 506, 507], "summary": {"covered_lines": 21, "num_statements": 21, "percent_covered": 100.0, "percent_covered_display": "100", "missing_lines": 0, "excluded_lines": 0, "percent_statements_covered": 100.0, "percent_statements_covered_display": "100"}, "missing_lines": [], "excluded_lines": []}, "AzureChatClient.chat_stream": {"executed_lines": [531, 534, 540, 543, 547, 550, 551, 552, 555, 559, 560, 561], "summary": {"covered_lines": 12, "num_statements": 21, "percent_covered": 57.142857142857146, "percent_covered_display": "57", "missing_lines": 9, "excluded_lines": 0, "percent_statements_covered": 57.142857142857146, "percent_statements_covered_display": "57"}, "missing_lines": [541, 545, 548, 553, 556, 557, 563, 564, 565], "excluded_lines": []}, "AzureChatClient.submit_function_outputs": {"executed_lines": [590, 592, 598, 601, 605, 606, 607, 608, 610, 611, 612], "summary": {"covered_lines": 11, "num_statements": 19, "percent_covered": 57.89473684210526, "percent_covered_display": "58", "missing_lines": 8, "excluded_lines": 0, "percent_statements_covered": 57.89473684210526, "percent_statements_covered_display": "58"}, "missing_lines": [599, 603, 614, 615, 616, 618, 619, 620], "excluded_lines": []}, "AzureChatClient.model": {"executed_lines": [625], "summary": {"covered_lines": 1, "num_statements": 1, "percent_covered": 100.0, "percent_covered_display": "100", "missing_lines": 0, "excluded_lines": 0, "percent_statements_covered": 100.0, "percent_statements_covered_display": "100"}, "missing_lines": [], "excluded_lines": []}, "AzureChatClient.deployment_name": {"executed_lines": [630], "summary": {"covered_lines": 1, "num_statements": 1, "percent_covered": 100.0, "percent_covered_display": "100", "missing_lines": 0, "excluded_lines": 0, "percent_statements_covered": 100.0, "percent_statements_covered_display": "100"}, "missing_lines": [], "excluded_lines": []}, "": {"executed_lines": [1, 12, 13, 14, 15, 17, 18, 20, 22, 29, 32, 35, 36, 38, 56, 57, 83, 84, 86, 110, 111, 115, 116, 166, 167, 174, 192, 293, 294, 302, 303, 311, 312, 320, 321, 328, 329, 336, 337, 344, 360, 361, 373, 401, 412, 451, 509, 567, 622, 623, 627, 628], "summary": {"covered_lines": 47, "num_statements": 47, "percent_covered": 100.0, "percent_covered_display": "100", "missing_lines": 0, "excluded_lines": 0, "percent_statements_covered": 100.0, "percent_statements_covered_display": "100"}, "missing_lines": [], "excluded_lines": []}}, "classes": {"FunctionCall": {"executed_lines": [52, 53, 54, 68, 69, 70, 71, 72, 73, 74, 76], "summary": {"covered_lines": 11, "num_statements": 11, "percent_covered": 100.0, "percent_covered_display": "100", "missing_lines": 0, "excluded_lines": 0, "percent_statements_covered": 100.0, "percent_statements_covered_display": "100"}, "missing_lines": [], "excluded_lines": []}, "ChatResponse": {"executed_lines": [104, 105, 106, 107, 108, 113, 127, 130, 131, 132, 139, 140, 141, 142, 143, 144, 145, 146, 149, 150, 151, 157], "summary": {"covered_lines": 22, "num_statements": 26, "percent_covered": 84.61538461538461, "percent_covered_display": "85", "missing_lines": 4, "excluded_lines": 0, "percent_statements_covered": 84.61538461538461, "percent_statements_covered_display": "85"}, "missing_lines": [133, 134, 135, 136], "excluded_lines": []}, "StreamingChatResponse": {"executed_lines": [181, 182, 183, 184, 186, 187, 188, 189, 190, 199, 201, 202, 204, 206, 209, 210, 213, 214, 215, 217, 218, 219, 220, 221, 223, 224, 231, 232, 233, 234, 237, 238, 239, 241, 247, 250, 252, 255, 259, 260, 262, 263, 266, 275, 276, 277, 278, 279, 280, 287, 288, 289, 291, 296, 298, 299, 300, 305, 307, 309, 323, 324, 325, 326, 331, 334, 339, 342, 351], "summary": {"covered_lines": 69, "num_statements": 81, "percent_covered": 85.18518518518519, "percent_covered_display": "85", "missing_lines": 12, "excluded_lines": 0, "percent_statements_covered": 85.18518518518519, "percent_statements_covered_display": "85"}, "missing_lines": [242, 264, 265, 308, 314, 316, 317, 318, 332, 333, 340, 341], "excluded_lines": []}, "AzureChatClient": {"executed_lines": [389, 390, 391, 392, 393, 395, 403, 405, 406, 410, 433, 434, 435, 437, 438, 448, 449, 473, 476, 481, 482, 484, 486, 488, 489, 491, 492, 494, 495, 497, 498, 499, 501, 502, 503, 505, 506, 507, 531, 534, 540, 543, 547, 550, 551, 552, 555, 559, 560, 561, 590, 592, 598, 601, 605, 606, 607, 608, 610, 611, 612, 625, 630], "summary": {"covered_lines": 63, "num_statements": 80, "percent_covered": 78.75, "percent_covered_display": "79", "missing_lines": 17, "excluded_lines": 0, "percent_statements_covered": 78.75, "percent_statements_covered_display": "79"}, "missing_lines": [541, 545, 548, 553, 556, 557, 563, 564, 565, 599, 603, 614, 615, 616, 618, 619, 620], "excluded_lines": []}, "": {"executed_lines": [1, 12, 13, 14, 15, 17, 18, 20, 22, 29, 32, 35, 36, 38, 56, 57, 83, 84, 86, 110, 111, 115, 116, 166, 167, 174, 192, 293, 294, 302, 303, 311, 312, 320, 321, 328, 329, 336, 337, 344, 360, 361, 373, 401, 412, 451, 509, 567, 622, 623, 627, 628], "summary": {"covered_lines": 47, "num_statements": 47, "percent_covered": 100.0, "percent_covered_display": "100", "missing_lines": 0, "excluded_lines": 0, "percent_statements_covered": 100.0, "percent_statements_covered_display": "100"}, "missing_lines": [], "excluded_lines": []}}}, "summarize_links\\chat\\conversation.py": {"executed_lines": [1, 10, 11, 12, 13, 14, 15, 17, 22, 25, 28, 29, 32, 33, 34, 47, 48, 49, 50, 51, 52, 53, 55, 57, 62, 64, 66, 68, 70, 72, 73, 75, 85, 91, 95, 97, 98, 99, 100, 101, 104, 105, 119, 137, 138, 139, 140, 141, 142, 143, 145, 146, 148, 155, 156, 158, 160, 183, 191, 194, 196, 197, 199, 201, 203, 209, 211, 226, 232, 239, 246, 253, 255, 257, 258, 259, 262, 264, 265, 266, 269, 279, 280, 281, 283, 284, 286, 293, 295, 304, 305, 308, 311, 312, 313, 316, 317, 318, 319, 320, 326, 327, 328, 331, 332, 334, 335, 336, 343, 350, 351, 353, 354, 356, 357, 358, 360, 370, 371, 372, 374, 383, 384, 385, 387, 389, 390, 403, 404, 406, 415, 418, 420, 421, 423, 425, 427, 429], "summary": {"covered_lines": 135, "num_statements": 143, "percent_covered": 94.4055944055944, "percent_covered_display": "94", "missing_lines": 8, "excluded_lines": 0, "percent_statements_covered": 94.4055944055944, "percent_statements_covered_display": "94"}, "missing_lines": [63, 65, 67, 69, 96, 260, 267, 323], "excluded_lines": [], "functions": {"Message.to_dict": {"executed_lines": [57, 62, 64, 66, 68, 70], "summary": {"covered_lines": 6, "num_statements": 10, "percent_covered": 60.0, "percent_covered_display": "60", "missing_lines": 4, "excluded_lines": 0, "percent_statements_covered": 60.0, "percent_statements_covered_display": "60"}, "missing_lines": [63, 65, 67, 69], "excluded_lines": []}, "Message.from_dict": {"executed_lines": [75], "summary": {"covered_lines": 1, "num_statements": 1, "percent_covered": 100.0, "percent_covered_display": "100", "missing_lines": 0, "excluded_lines": 0, "percent_statements_covered": 100.0, "percent_statements_covered_display": "100"}, "missing_lines": [], "excluded_lines": []}, "Message.to_llm_format": {"executed_lines": [91, 95, 97, 98, 99, 100, 101], "summary": {"covered_lines": 7, "num_statements": 8, "percent_covered": 87.5, "percent_covered_display": "88", "missing_lines": 1, "excluded_lines": 0, "percent_statements_covered": 87.5, "percent_statements_covered_display": "88"}, "missing_lines": [96], "excluded_lines": []}, "Conversation.__init__": {"executed_lines": [137, 138, 139, 140, 141, 142, 143, 145, 146, 148], "summary": {"covered_lines": 10, "num_statements": 10, "percent_covered": 100.0, "percent_covered_display": "100", "missing_lines": 0, "excluded_lines": 0, "percent_statements_covered": 100.0, "percent_statements_covered_display": "100"}, "missing_lines": [], "excluded_lines": []}, "Conversation.system_prompt": {"executed_lines": [158], "summary": {"covered_lines": 1, "num_statements": 1, "percent_covered": 100.0, "percent_covered_display": "100", "missing_lines": 0, "excluded_lines": 0, "percent_statements_covered": 100.0, "percent_statements_covered_display": "100"}, "missing_lines": [], "excluded_lines": []}, "Conversation.add_message": {"executed_lines": [183, 191, 194, 196, 197], "summary": {"covered_lines": 5, "num_statements": 5, "percent_covered": 100.0, "percent_covered_display": "100", "missing_lines": 0, "excluded_lines": 0, "percent_statements_covered": 100.0, "percent_statements_covered_display": "100"}, "missing_lines": [], "excluded_lines": []}, "Conversation.add_user_message": {"executed_lines": [201], "summary": {"covered_lines": 1, "num_statements": 1, "percent_covered": 100.0, "percent_covered_display": "100", "missing_lines": 0, "excluded_lines": 0, "percent_statements_covered": 100.0, "percent_statements_covered_display": "100"}, "missing_lines": [], "excluded_lines": []}, "Conversation.add_assistant_message": {"executed_lines": [209], "summary": {"covered_lines": 1, "num_statements": 1, "percent_covered": 100.0, "percent_covered_display": "100", "missing_lines": 0, "excluded_lines": 0, "percent_statements_covered": 100.0, "percent_statements_covered_display": "100"}, "missing_lines": [], "excluded_lines": []}, "Conversation.add_assistant_tool_call": {"executed_lines": [226], "summary": {"covered_lines": 1, "num_statements": 1, "percent_covered": 100.0, "percent_covered_display": "100", "missing_lines": 0, "excluded_lines": 0, "percent_statements_covered": 100.0, "percent_statements_covered_display": "100"}, "missing_lines": [], "excluded_lines": []}, "Conversation.add_tool_result": {"executed_lines": [239], "summary": {"covered_lines": 1, "num_statements": 1, "percent_covered": 100.0, "percent_covered_display": "100", "missing_lines": 0, "excluded_lines": 0, "percent_statements_covered": 100.0, "percent_statements_covered_display": "100"}, "missing_lines": [], "excluded_lines": []}, "Conversation.get_messages_for_llm": {"executed_lines": [253], "summary": {"covered_lines": 1, "num_statements": 1, "percent_covered": 100.0, "percent_covered_display": "100", "missing_lines": 0, "excluded_lines": 0, "percent_statements_covered": 100.0, "percent_statements_covered_display": "100"}, "missing_lines": [], "excluded_lines": []}, "Conversation.get_last_user_message": {"executed_lines": [257, 258, 259], "summary": {"covered_lines": 3, "num_statements": 4, "percent_covered": 75.0, "percent_covered_display": "75", "missing_lines": 1, "excluded_lines": 0, "percent_statements_covered": 75.0, "percent_statements_covered_display": "75"}, "missing_lines": [260], "excluded_lines": []}, "Conversation.get_last_assistant_message": {"executed_lines": [264, 265, 266], "summary": {"covered_lines": 3, "num_statements": 4, "percent_covered": 75.0, "percent_covered_display": "75", "missing_lines": 1, "excluded_lines": 0, "percent_statements_covered": 75.0, "percent_statements_covered_display": "75"}, "missing_lines": [267], "excluded_lines": []}, "Conversation._get_message_tokens": {"executed_lines": [279, 280, 281, 283, 284], "summary": {"covered_lines": 5, "num_statements": 5, "percent_covered": 100.0, "percent_covered_display": "100", "missing_lines": 0, "excluded_lines": 0, "percent_statements_covered": 100.0, "percent_statements_covered_display": "100"}, "missing_lines": [], "excluded_lines": []}, "Conversation.get_total_tokens": {"executed_lines": [293], "summary": {"covered_lines": 1, "num_statements": 1, "percent_covered": 100.0, "percent_covered_display": "100", "missing_lines": 0, "excluded_lines": 0, "percent_statements_covered": 100.0, "percent_statements_covered_display": "100"}, "missing_lines": [], "excluded_lines": []}, "Conversation._trim_history": {"executed_lines": [304, 305, 308, 311, 312, 313, 316, 317, 318, 319, 320, 326, 327, 328, 331, 332, 334, 335, 336], "summary": {"covered_lines": 19, "num_statements": 20, "percent_covered": 95.0, "percent_covered_display": "95", "missing_lines": 1, "excluded_lines": 0, "percent_statements_covered": 95.0, "percent_statements_covered_display": "95"}, "missing_lines": [323], "excluded_lines": []}, "Conversation.clear": {"executed_lines": [350, 351, 353, 354, 356, 357, 358], "summary": {"covered_lines": 7, "num_statements": 7, "percent_covered": 100.0, "percent_covered_display": "100", "missing_lines": 0, "excluded_lines": 0, "percent_statements_covered": 100.0, "percent_statements_covered_display": "100"}, "missing_lines": [], "excluded_lines": []}, "Conversation.save": {"executed_lines": [370, 371, 372, 374, 383, 384, 385, 387], "summary": {"covered_lines": 8, "num_statements": 8, "percent_covered": 100.0, "percent_covered_display": "100", "missing_lines": 0, "excluded_lines": 0, "percent_statements_covered": 100.0, "percent_statements_covered_display": "100"}, "missing_lines": [], "excluded_lines": []}, "Conversation.load": {"executed_lines": [403, 404, 406, 415, 418, 420, 421], "summary": {"covered_lines": 7, "num_statements": 7, "percent_covered": 100.0, "percent_covered_display": "100", "missing_lines": 0, "excluded_lines": 0, "percent_statements_covered": 100.0, "percent_statements_covered_display": "100"}, "missing_lines": [], "excluded_lines": []}, "Conversation.__len__": {"executed_lines": [425], "summary": {"covered_lines": 1, "num_statements": 1, "percent_covered": 100.0, "percent_covered_display": "100", "missing_lines": 0, "excluded_lines": 0, "percent_statements_covered": 100.0, "percent_statements_covered_display": "100"}, "missing_lines": [], "excluded_lines": []}, "Conversation.__repr__": {"executed_lines": [429], "summary": {"covered_lines": 1, "num_statements": 1, "percent_covered": 100.0, "percent_covered_display": "100", "missing_lines": 0, "excluded_lines": 0, "percent_statements_covered": 100.0, "percent_statements_covered_display": "100"}, "missing_lines": [], "excluded_lines": []}, "": {"executed_lines": [1, 10, 11, 12, 13, 14, 15, 17, 22, 25, 28, 29, 32, 33, 34, 47, 48, 49, 50, 51, 52, 53, 55, 72, 73, 85, 104, 105, 119, 155, 156, 160, 199, 203, 211, 232, 246, 255, 262, 269, 286, 295, 343, 360, 389, 390, 423, 427], "summary": {"covered_lines": 45, "num_statements": 45, "percent_covered": 100.0, "percent_covered_display": "100", "missing_lines": 0, "excluded_lines": 0, "percent_statements_covered": 100.0, "percent_statements_covered_display": "100"}, "missing_lines": [], "excluded_lines": []}}, "classes": {"Message": {"executed_lines": [57, 62, 64, 66, 68, 70, 75, 91, 95, 97, 98, 99, 100, 101], "summary": {"covered_lines": 14, "num_statements": 19, "percent_covered": 73.6842105263158, "percent_covered_display": "74", "missing_lines": 5, "excluded_lines": 0, "percent_statements_covered": 73.6842105263158, "percent_statements_covered_display": "74"}, "missing_lines": [63, 65, 67, 69, 96], "excluded_lines": []}, "Conversation": {"executed_lines": [137, 138, 139, 140, 141, 142, 143, 145, 146, 148, 158, 183, 191, 194, 196, 197, 201, 209, 226, 239, 253, 257, 258, 259, 264, 265, 266, 279, 280, 281, 283, 284, 293, 304, 305, 308, 311, 312, 313, 316, 317, 318, 319, 320, 326, 327, 328, 331, 332, 334, 335, 336, 350, 351, 353, 354, 356, 357, 358, 370, 371, 372, 374, 383, 384, 385, 387, 403, 404, 406, 415, 418, 420, 421, 425, 429], "summary": {"covered_lines": 76, "num_statements": 79, "percent_covered": 96.20253164556962, "percent_covered_display": "96", "missing_lines": 3, "excluded_lines": 0, "percent_statements_covered": 96.20253164556962, "percent_statements_covered_display": "96"}, "missing_lines": [260, 267, 323], "excluded_lines": []}, "": {"executed_lines": [1, 10, 11, 12, 13, 14, 15, 17, 22, 25, 28, 29, 32, 33, 34, 47, 48, 49, 50, 51, 52, 53, 55, 72, 73, 85, 104, 105, 119, 155, 156, 160, 199, 203, 211, 232, 246, 255, 262, 269, 286, 295, 343, 360, 389, 390, 423, 427], "summary": {"covered_lines": 45, "num_statements": 45, "percent_covered": 100.0, "percent_covered_display": "100", "missing_lines": 0, "excluded_lines": 0, "percent_statements_covered": 100.0, "percent_statements_covered_display": "100"}, "missing_lines": [], "excluded_lines": []}}}, "summarize_links\\chat\\engine.py": {"executed_lines": [1, 17, 18, 19, 20, 21, 22, 23, 25, 29, 30, 31, 32, 33, 34, 36, 40, 43, 47, 50, 51, 67, 89, 90, 91, 92, 93, 97, 98, 102, 106, 110, 118, 120, 132, 134, 135, 141, 143, 151, 152, 153, 154, 155, 157, 176, 179, 182, 186, 195, 198, 199, 200, 209, 217, 219, 233, 236, 238, 243, 248, 263, 264, 272, 275, 276, 277, 280, 295, 296, 298, 300, 301, 302, 303, 304, 308, 311, 312, 315, 318, 319, 321, 339, 340, 341, 344, 347, 350, 353, 356, 357, 358, 360, 363, 364, 365, 366, 367, 373, 378, 385, 388, 389, 392, 398, 406, 407, 408, 420, 423, 426, 433, 442, 457, 458, 466, 468, 471, 472, 473, 481, 482, 484, 487, 490, 491, 493, 494, 495, 496, 497, 501, 503, 521, 524, 527, 530, 541, 542, 543, 544, 547, 548, 549, 558, 566, 579, 582, 584, 587, 601, 604, 610, 611, 619, 622, 623, 626, 649, 650, 651, 652, 656, 670, 672, 682, 683, 684, 688, 689, 690, 692, 702, 703, 704, 708, 709, 710, 712, 713, 714, 715, 720, 733, 735, 736, 737, 738, 740, 747], "summary": {"covered_lines": 189, "num_statements": 208, "percent_covered": 90.86538461538461, "percent_covered_display": "91", "missing_lines": 19, "excluded_lines": 0, "percent_statements_covered": 90.86538461538461, "percent_statements_covered_display": "91"}, "missing_lines": [488, 628, 629, 630, 644, 645, 646, 658, 660, 661, 662, 663, 664, 668, 686, 706, 716, 717, 718], "excluded_lines": [], "functions": {"ChatEngine.__init__": {"executed_lines": [89, 90, 91, 92, 93, 97, 98, 102, 106, 110, 118, 120], "summary": {"covered_lines": 12, "num_statements": 12, "percent_covered": 100.0, "percent_covered_display": "100", "missing_lines": 0, "excluded_lines": 0, "percent_statements_covered": 100.0, "percent_statements_covered_display": "100"}, "missing_lines": [], "excluded_lines": []}, "ChatEngine._get_client": {"executed_lines": [134, 135, 141], "summary": {"covered_lines": 3, "num_statements": 3, "percent_covered": 100.0, "percent_covered_display": "100", "missing_lines": 0, "excluded_lines": 0, "percent_statements_covered": 100.0, "percent_statements_covered_display": "100"}, "missing_lines": [], "excluded_lines": []}, "ChatEngine._report_progress": {"executed_lines": [151, 152, 153, 154, 155], "summary": {"covered_lines": 5, "num_statements": 5, "percent_covered": 100.0, "percent_covered_display": "100", "missing_lines": 0, "excluded_lines": 0, "percent_statements_covered": 100.0, "percent_statements_covered_display": "100"}, "missing_lines": [], "excluded_lines": []}, "ChatEngine.process_message": {"executed_lines": [176, 179, 182, 186, 195, 198, 199, 200, 209, 217], "summary": {"covered_lines": 10, "num_statements": 10, "percent_covered": 100.0, "percent_covered_display": "100", "missing_lines": 0, "excluded_lines": 0, "percent_statements_covered": 100.0, "percent_statements_covered_display": "100"}, "missing_lines": [], "excluded_lines": []}, "ChatEngine._process_with_azure": {"executed_lines": [233, 236, 238, 243, 248, 263, 264, 272, 275, 276, 277, 280, 295, 296, 298, 300, 301, 302, 303, 304, 308, 311, 312, 315, 318, 319], "summary": {"covered_lines": 26, "num_statements": 26, "percent_covered": 100.0, "percent_covered_display": "100", "missing_lines": 0, "excluded_lines": 0, "percent_statements_covered": 100.0, "percent_statements_covered_display": "100"}, "missing_lines": [], "excluded_lines": []}, "ChatEngine._handle_function_calls": {"executed_lines": [339, 340, 341, 344, 347, 350, 353, 356, 357, 358, 360, 363, 364, 365, 366, 367, 373, 378, 385, 388, 389, 392, 398, 406, 407, 408, 420, 423, 426, 433, 442, 457, 458, 466, 468, 471, 472, 473, 481, 482, 484, 487, 490, 491, 493, 494, 495, 496, 497, 501], "summary": {"covered_lines": 50, "num_statements": 51, "percent_covered": 98.03921568627452, "percent_covered_display": "98", "missing_lines": 1, "excluded_lines": 0, "percent_statements_covered": 98.03921568627452, "percent_statements_covered_display": "98"}, "missing_lines": [488], "excluded_lines": []}, "ChatEngine.process_message_streaming": {"executed_lines": [521, 524, 527, 530, 541, 542, 543, 544, 547, 548, 549, 558], "summary": {"covered_lines": 12, "num_statements": 12, "percent_covered": 100.0, "percent_covered_display": "100", "missing_lines": 0, "excluded_lines": 0, "percent_statements_covered": 100.0, "percent_statements_covered_display": "100"}, "missing_lines": [], "excluded_lines": []}, "ChatEngine._process_with_azure_streaming": {"executed_lines": [579, 582, 584, 587, 601, 604, 610, 611, 619, 622, 623, 626, 649, 650, 651, 652, 656, 670], "summary": {"covered_lines": 18, "num_statements": 31, "percent_covered": 58.064516129032256, "percent_covered_display": "58", "missing_lines": 13, "excluded_lines": 0, "percent_statements_covered": 58.064516129032256, "percent_statements_covered_display": "58"}, "missing_lines": [628, 629, 630, 644, 645, 646, 658, 660, 661, 662, 663, 664, 668], "excluded_lines": []}, "ChatEngine.save_session": {"executed_lines": [682, 683, 684, 688, 689, 690], "summary": {"covered_lines": 6, "num_statements": 7, "percent_covered": 85.71428571428571, "percent_covered_display": "86", "missing_lines": 1, "excluded_lines": 0, "percent_statements_covered": 85.71428571428571, "percent_statements_covered_display": "86"}, "missing_lines": [686], "excluded_lines": []}, "ChatEngine.load_session": {"executed_lines": [702, 703, 704, 708, 709, 710, 712, 713, 714, 715], "summary": {"covered_lines": 10, "num_statements": 14, "percent_covered": 71.42857142857143, "percent_covered_display": "71", "missing_lines": 4, "excluded_lines": 0, "percent_statements_covered": 71.42857142857143, "percent_statements_covered_display": "71"}, "missing_lines": [706, 716, 717, 718], "excluded_lines": []}, "ChatEngine.clear_history": {"executed_lines": [733, 735, 736, 737, 738], "summary": {"covered_lines": 5, "num_statements": 5, "percent_covered": 100.0, "percent_covered_display": "100", "missing_lines": 0, "excluded_lines": 0, "percent_statements_covered": 100.0, "percent_statements_covered_display": "100"}, "missing_lines": [], "excluded_lines": []}, "ChatEngine.get_status": {"executed_lines": [747], "summary": {"covered_lines": 1, "num_statements": 1, "percent_covered": 100.0, "percent_covered_display": "100", "missing_lines": 0, "excluded_lines": 0, "percent_statements_covered": 100.0, "percent_statements_covered_display": "100"}, "missing_lines": [], "excluded_lines": []}, "": {"executed_lines": [1, 17, 18, 19, 20, 21, 22, 23, 25, 29, 30, 31, 32, 33, 34, 36, 40, 43, 47, 50, 51, 67, 132, 143, 157, 219, 321, 503, 566, 672, 692, 720, 740], "summary": {"covered_lines": 31, "num_statements": 31, "percent_covered": 100.0, "percent_covered_display": "100", "missing_lines": 0, "excluded_lines": 0, "percent_statements_covered": 100.0, "percent_statements_covered_display": "100"}, "missing_lines": [], "excluded_lines": []}}, "classes": {"ChatEngine": {"executed_lines": [89, 90, 91, 92, 93, 97, 98, 102, 106, 110, 118, 120, 134, 135, 141, 151, 152, 153, 154, 155, 176, 179, 182, 186, 195, 198, 199, 200, 209, 217, 233, 236, 238, 243, 248, 263, 264, 272, 275, 276, 277, 280, 295, 296, 298, 300, 301, 302, 303, 304, 308, 311, 312, 315, 318, 319, 339, 340, 341, 344, 347, 350, 353, 356, 357, 358, 360, 363, 364, 365, 366, 367, 373, 378, 385, 388, 389, 392, 398, 406, 407, 408, 420, 423, 426, 433, 442, 457, 458, 466, 468, 471, 472, 473, 481, 482, 484, 487, 490, 491, 493, 494, 495, 496, 497, 501, 521, 524, 527, 530, 541, 542, 543, 544, 547, 548, 549, 558, 579, 582, 584, 587, 601, 604, 610, 611, 619, 622, 623, 626, 649, 650, 651, 652, 656, 670, 682, 683, 684, 688, 689, 690, 702, 703, 704, 708, 709, 710, 712, 713, 714, 715, 733, 735, 736, 737, 738, 747], "summary": {"covered_lines": 158, "num_statements": 177, "percent_covered": 89.26553672316385, "percent_covered_display": "89", "missing_lines": 19, "excluded_lines": 0, "percent_statements_covered": 89.26553672316385, "percent_statements_covered_display": "89"}, "missing_lines": [488, 628, 629, 630, 644, 645, 646, 658, 660, 661, 662, 663, 664, 668, 686, 706, 716, 717, 718], "excluded_lines": []}, "": {"executed_lines": [1, 17, 18, 19, 20, 21, 22, 23, 25, 29, 30, 31, 32, 33, 34, 36, 40, 43, 47, 50, 51, 67, 132, 143, 157, 219, 321, 503, 566, 672, 692, 720, 740], "summary": {"covered_lines": 31, "num_statements": 31, "percent_covered": 100.0, "percent_covered_display": "100", "missing_lines": 0, "excluded_lines": 0, "percent_statements_covered": 100.0, "percent_statements_covered_display": "100"}, "missing_lines": [], "excluded_lines": []}}}, "summarize_links\\chat\\formatter.py": {"executed_lines": [1, 8, 9, 11, 12, 13, 14, 15, 16, 17, 19, 23, 26, 27, 34, 41, 42, 43, 45, 47, 55, 56, 58, 60, 62, 64, 65, 67, 74, 76, 77, 78, 80, 87, 88, 90, 97, 99, 106, 108, 115, 117, 125, 127, 136, 137, 139, 141, 148, 149, 151, 153, 175, 177, 191, 192, 193, 194, 195, 196, 197, 199, 206, 212, 213, 215, 222, 223, 225, 227, 228, 229, 231, 233, 234], "summary": {"covered_lines": 73, "num_statements": 73, "percent_covered": 100.0, "percent_covered_display": "100", "missing_lines": 0, "excluded_lines": 0, "percent_statements_covered": 100.0, "percent_statements_covered_display": "100"}, "missing_lines": [], "excluded_lines": [], "functions": {"ChatFormatter.__init__": {"executed_lines": [41, 42, 43], "summary": {"covered_lines": 3, "num_statements": 3, "percent_covered": 100.0, "percent_covered_display": "100", "missing_lines": 0, "excluded_lines": 0, "percent_statements_covered": 100.0, "percent_statements_covered_display": "100"}, "missing_lines": [], "excluded_lines": []}, "ChatFormatter.print_welcome": {"executed_lines": [47, 55, 56], "summary": {"covered_lines": 3, "num_statements": 3, "percent_covered": 100.0, "percent_covered_display": "100", "missing_lines": 0, "excluded_lines": 0, "percent_statements_covered": 100.0, "percent_statements_covered_display": "100"}, "missing_lines": [], "excluded_lines": []}, "ChatFormatter.print_user_prompt": {"executed_lines": [60], "summary": {"covered_lines": 1, "num_statements": 1, "percent_covered": 100.0, "percent_covered_display": "100", "missing_lines": 0, "excluded_lines": 0, "percent_statements_covered": 100.0, "percent_statements_covered_display": "100"}, "missing_lines": [], "excluded_lines": []}, "ChatFormatter.print_assistant_label": {"executed_lines": [64, 65], "summary": {"covered_lines": 2, "num_statements": 2, "percent_covered": 100.0, "percent_covered_display": "100", "missing_lines": 0, "excluded_lines": 0, "percent_statements_covered": 100.0, "percent_statements_covered_display": "100"}, "missing_lines": [], "excluded_lines": []}, "ChatFormatter.print_assistant_response": {"executed_lines": [74, 76, 77, 78], "summary": {"covered_lines": 4, "num_statements": 4, "percent_covered": 100.0, "percent_covered_display": "100", "missing_lines": 0, "excluded_lines": 0, "percent_statements_covered": 100.0, "percent_statements_covered_display": "100"}, "missing_lines": [], "excluded_lines": []}, "ChatFormatter.print_error": {"executed_lines": [87, 88], "summary": {"covered_lines": 2, "num_statements": 2, "percent_covered": 100.0, "percent_covered_display": "100", "missing_lines": 0, "excluded_lines": 0, "percent_statements_covered": 100.0, "percent_statements_covered_display": "100"}, "missing_lines": [], "excluded_lines": []}, "ChatFormatter.print_warning": {"executed_lines": [97], "summary": {"covered_lines": 1, "num_statements": 1, "percent_covered": 100.0, "percent_covered_display": "100", "missing_lines": 0, "excluded_lines": 0, "percent_statements_covered": 100.0, "percent_statements_covered_display": "100"}, "missing_lines": [], "excluded_lines": []}, "ChatFormatter.print_info": {"executed_lines": [106], "summary": {"covered_lines": 1, "num_statements": 1, "percent_covered": 100.0, "percent_covered_display": "100", "missing_lines": 0, "excluded_lines": 0, "percent_statements_covered": 100.0, "percent_statements_covered_display": "100"}, "missing_lines": [], "excluded_lines": []}, "ChatFormatter.print_success": {"executed_lines": [115], "summary": {"covered_lines": 1, "num_statements": 1, "percent_covered": 100.0, "percent_covered_display": "100", "missing_lines": 0, "excluded_lines": 0, "percent_statements_covered": 100.0, "percent_statements_covered_display": "100"}, "missing_lines": [], "excluded_lines": []}, "ChatFormatter.print_tool_start": {"executed_lines": [125], "summary": {"covered_lines": 1, "num_statements": 1, "percent_covered": 100.0, "percent_covered_display": "100", "missing_lines": 0, "excluded_lines": 0, "percent_statements_covered": 100.0, "percent_statements_covered_display": "100"}, "missing_lines": [], "excluded_lines": []}, "ChatFormatter.print_tool_result": {"executed_lines": [136, 137, 139], "summary": {"covered_lines": 3, "num_statements": 3, "percent_covered": 100.0, "percent_covered_display": "100", "missing_lines": 0, "excluded_lines": 0, "percent_statements_covered": 100.0, "percent_statements_covered_display": "100"}, "missing_lines": [], "excluded_lines": []}, "ChatFormatter.print_markdown": {"executed_lines": [148, 149], "summary": {"covered_lines": 2, "num_statements": 2, "percent_covered": 100.0, "percent_covered_display": "100", "missing_lines": 0, "excluded_lines": 0, "percent_statements_covered": 100.0, "percent_statements_covered_display": "100"}, "missing_lines": [], "excluded_lines": []}, "ChatFormatter.print_help": {"executed_lines": [153, 175], "summary": {"covered_lines": 2, "num_statements": 2, "percent_covered": 100.0, "percent_covered_display": "100", "missing_lines": 0, "excluded_lines": 0, "percent_statements_covered": 100.0, "percent_statements_covered_display": "100"}, "missing_lines": [], "excluded_lines": []}, "ChatFormatter.print_table": {"executed_lines": [191, 192, 193, 194, 195, 196, 197], "summary": {"covered_lines": 7, "num_statements": 7, "percent_covered": 100.0, "percent_covered_display": "100", "missing_lines": 0, "excluded_lines": 0, "percent_statements_covered": 100.0, "percent_statements_covered_display": "100"}, "missing_lines": [], "excluded_lines": []}, "ChatFormatter.start_progress": {"executed_lines": [206, 212, 213], "summary": {"covered_lines": 3, "num_statements": 3, "percent_covered": 100.0, "percent_covered_display": "100", "missing_lines": 0, "excluded_lines": 0, "percent_statements_covered": 100.0, "percent_statements_covered_display": "100"}, "missing_lines": [], "excluded_lines": []}, "ChatFormatter.update_progress": {"executed_lines": [222, 223], "summary": {"covered_lines": 2, "num_statements": 2, "percent_covered": 100.0, "percent_covered_display": "100", "missing_lines": 0, "excluded_lines": 0, "percent_statements_covered": 100.0, "percent_statements_covered_display": "100"}, "missing_lines": [], "excluded_lines": []}, "ChatFormatter.stop_progress": {"executed_lines": [227, 228, 229], "summary": {"covered_lines": 3, "num_statements": 3, "percent_covered": 100.0, "percent_covered_display": "100", "missing_lines": 0, "excluded_lines": 0, "percent_statements_covered": 100.0, "percent_statements_covered_display": "100"}, "missing_lines": [], "excluded_lines": []}, "ChatFormatter.print_goodbye": {"executed_lines": [233, 234], "summary": {"covered_lines": 2, "num_statements": 2, "percent_covered": 100.0, "percent_covered_display": "100", "missing_lines": 0, "excluded_lines": 0, "percent_statements_covered": 100.0, "percent_statements_covered_display": "100"}, "missing_lines": [], "excluded_lines": []}, "": {"executed_lines": [1, 8, 9, 11, 12, 13, 14, 15, 16, 17, 19, 23, 26, 27, 34, 45, 58, 62, 67, 80, 90, 99, 108, 117, 127, 141, 151, 177, 199, 215, 225, 231], "summary": {"covered_lines": 30, "num_statements": 30, "percent_covered": 100.0, "percent_covered_display": "100", "missing_lines": 0, "excluded_lines": 0, "percent_statements_covered": 100.0, "percent_statements_covered_display": "100"}, "missing_lines": [], "excluded_lines": []}}, "classes": {"ChatFormatter": {"executed_lines": [41, 42, 43, 47, 55, 56, 60, 64, 65, 74, 76, 77, 78, 87, 88, 97, 106, 115, 125, 136, 137, 139, 148, 149, 153, 175, 191, 192, 193, 194, 195, 196, 197, 206, 212, 213, 222, 223, 227, 228, 229, 233, 234], "summary": {"covered_lines": 43, "num_statements": 43, "percent_covered": 100.0, "percent_covered_display": "100", "missing_lines": 0, "excluded_lines": 0, "percent_statements_covered": 100.0, "percent_statements_covered_display": "100"}, "missing_lines": [], "excluded_lines": []}, "": {"executed_lines": [1, 8, 9, 11, 12, 13, 14, 15, 16, 17, 19, 23, 26, 27, 34, 45, 58, 62, 67, 80, 90, 99, 108, 117, 127, 141, 151, 177, 199, 215, 225, 231], "summary": {"covered_lines": 30, "num_statements": 30, "percent_covered": 100.0, "percent_covered_display": "100", "missing_lines": 0, "excluded_lines": 0, "percent_statements_covered": 100.0, "percent_statements_covered_display": "100"}, "missing_lines": [], "excluded_lines": []}}}, "summarize_links\\chat\\prompts.py": {"executed_lines": [1, 8, 9, 10, 12, 14, 16, 21, 38, 40, 42, 45, 46, 48, 54, 57, 66], "summary": {"covered_lines": 16, "num_statements": 18, "percent_covered": 88.88888888888889, "percent_covered_display": "89", "missing_lines": 2, "excluded_lines": 0, "percent_statements_covered": 88.88888888888889, "percent_statements_covered_display": "89"}, "missing_lines": [68, 69], "excluded_lines": [], "functions": {"build_system_prompt": {"executed_lines": [38, 40, 42, 45, 46, 48, 54, 57, 66], "summary": {"covered_lines": 9, "num_statements": 11, "percent_covered": 81.81818181818181, "percent_covered_display": "82", "missing_lines": 2, "excluded_lines": 0, "percent_statements_covered": 81.81818181818181, "percent_statements_covered_display": "82"}, "missing_lines": [68, 69], "excluded_lines": []}, "": {"executed_lines": [1, 8, 9, 10, 12, 14, 16, 21], "summary": {"covered_lines": 7, "num_statements": 7, "percent_covered": 100.0, "percent_covered_display": "100", "missing_lines": 0, "excluded_lines": 0, "percent_statements_covered": 100.0, "percent_statements_covered_display": "100"}, "missing_lines": [], "excluded_lines": []}}, "classes": {"": {"executed_lines": [1, 8, 9, 10, 12, 14, 16, 21, 38, 40, 42, 45, 46, 48, 54, 57, 66], "summary": {"covered_lines": 16, "num_statements": 18, "percent_covered": 88.88888888888889, "percent_covered_display": "89", "missing_lines": 2, "excluded_lines": 0, "percent_statements_covered": 88.88888888888889, "percent_statements_covered_display": "89"}, "missing_lines": [68, 69], "excluded_lines": []}}}, "summarize_links\\chat\\tokens.py": {"executed_lines": [1, 8, 9, 10, 12, 14, 17, 25, 29, 43, 47, 48, 49, 52, 53, 66, 69, 72, 73, 74, 75, 76, 79, 80, 81, 83, 84, 90, 101, 102, 104, 105, 108, 121, 122, 125, 126, 129, 130, 131, 134, 135, 137, 138, 140, 141, 143, 148, 150, 153, 169, 170, 171, 174, 176, 179, 192, 193, 195, 198, 199, 202], "summary": {"covered_lines": 60, "num_statements": 63, "percent_covered": 95.23809523809524, "percent_covered_display": "95", "missing_lines": 3, "excluded_lines": 2, "percent_statements_covered": 95.23809523809524, "percent_statements_covered_display": "95"}, "missing_lines": [85, 86, 87], "excluded_lines": [14, 15], "functions": {"get_encoding_for_model": {"executed_lines": [66, 69, 72, 73, 74, 75, 76, 79, 80, 81, 83, 84], "summary": {"covered_lines": 12, "num_statements": 15, "percent_covered": 80.0, "percent_covered_display": "80", "missing_lines": 3, "excluded_lines": 0, "percent_statements_covered": 80.0, "percent_statements_covered_display": "80"}, "missing_lines": [85, 86, 87], "excluded_lines": []}, "count_tokens": {"executed_lines": [101, 102, 104, 105], "summary": {"covered_lines": 4, "num_statements": 4, "percent_covered": 100.0, "percent_covered_display": "100", "missing_lines": 0, "excluded_lines": 0, "percent_statements_covered": 100.0, "percent_statements_covered_display": "100"}, "missing_lines": [], "excluded_lines": []}, "count_message_tokens": {"executed_lines": [121, 122, 125, 126, 129, 130, 131, 134, 135, 137, 138, 140, 141, 143, 148, 150], "summary": {"covered_lines": 16, "num_statements": 16, "percent_covered": 100.0, "percent_covered_display": "100", "missing_lines": 0, "excluded_lines": 0, "percent_statements_covered": 100.0, "percent_statements_covered_display": "100"}, "missing_lines": [], "excluded_lines": []}, "count_messages_tokens": {"executed_lines": [169, 170, 171, 174, 176], "summary": {"covered_lines": 5, "num_statements": 5, "percent_covered": 100.0, "percent_covered_display": "100", "missing_lines": 0, "excluded_lines": 0, "percent_statements_covered": 100.0, "percent_statements_covered_display": "100"}, "missing_lines": [], "excluded_lines": []}, "estimate_tool_tokens": {"executed_lines": [192, 193, 195, 198, 199, 202], "summary": {"covered_lines": 6, "num_statements": 6, "percent_covered": 100.0, "percent_covered_display": "100", "missing_lines": 0, "excluded_lines": 0, "percent_statements_covered": 100.0, "percent_statements_covered_display": "100"}, "missing_lines": [], "excluded_lines": []}, "": {"executed_lines": [1, 8, 9, 10, 12, 14, 17, 25, 29, 43, 47, 48, 49, 52, 53, 90, 108, 153, 179], "summary": {"covered_lines": 17, "num_statements": 17, "percent_covered": 100.0, "percent_covered_display": "100", "missing_lines": 0, "excluded_lines": 2, "percent_statements_covered": 100.0, "percent_statements_covered_display": "100"}, "missing_lines": [], "excluded_lines": [14, 15]}}, "classes": {"": {"executed_lines": [1, 8, 9, 10, 12, 14, 17, 25, 29, 43, 47, 48, 49, 52, 53, 66, 69, 72, 73, 74, 75, 76, 79, 80, 81, 83, 84, 90, 101, 102, 104, 105, 108, 121, 122, 125, 126, 129, 130, 131, 134, 135, 137, 138, 140, 141, 143, 148, 150, 153, 169, 170, 171, 174, 176, 179, 192, 193, 195, 198, 199, 202], "summary": {"covered_lines": 60, "num_statements": 63, "percent_covered": 95.23809523809524, "percent_covered_display": "95", "missing_lines": 3, "excluded_lines": 2, "percent_statements_covered": 95.23809523809524, "percent_statements_covered_display": "95"}, "missing_lines": [85, 86, 87], "excluded_lines": [14, 15]}}}, "summarize_links\\chat\\tools\\__init__.py": {"executed_lines": [1, 10, 16, 23, 24, 25, 26, 32], "summary": {"covered_lines": 7, "num_statements": 7, "percent_covered": 100.0, "percent_covered_display": "100", "missing_lines": 0, "excluded_lines": 0, "percent_statements_covered": 100.0, "percent_statements_covered_display": "100"}, "missing_lines": [], "excluded_lines": [], "functions": {"": {"executed_lines": [1, 10, 16, 23, 24, 25, 26, 32], "summary": {"covered_lines": 7, "num_statements": 7, "percent_covered": 100.0, "percent_covered_display": "100", "missing_lines": 0, "excluded_lines": 0, "percent_statements_covered": 100.0, "percent_statements_covered_display": "100"}, "missing_lines": [], "excluded_lines": []}}, "classes": {"": {"executed_lines": [1, 10, 16, 23, 24, 25, 26, 32], "summary": {"covered_lines": 7, "num_statements": 7, "percent_covered": 100.0, "percent_covered_display": "100", "missing_lines": 0, "excluded_lines": 0, "percent_statements_covered": 100.0, "percent_statements_covered_display": "100"}, "missing_lines": [], "excluded_lines": []}}}, "summarize_links\\chat\\tools\\base.py": {"executed_lines": [1, 10, 11, 12, 13, 14, 16, 18, 26, 30, 33, 34, 35, 45, 46, 47, 48, 50, 57, 58, 60, 63, 64, 71, 72, 73, 77, 78, 79, 83, 84, 85, 89, 90, 109, 116, 126, 127, 133, 135, 136, 138, 148, 149, 150, 151, 153, 163, 165, 184, 185, 186, 187, 206, 213, 215, 222, 224, 226, 228, 230, 234, 237, 246, 247, 250, 257, 258, 259, 263, 270, 271, 272, 273, 274, 275, 276, 277, 280, 281, 282, 283, 284, 286, 288], "summary": {"covered_lines": 81, "num_statements": 89, "percent_covered": 91.01123595505618, "percent_covered_display": "91", "missing_lines": 8, "excluded_lines": 8, "percent_statements_covered": 91.01123595505618, "percent_statements_covered_display": "91"}, "missing_lines": [193, 194, 195, 196, 197, 198, 199, 200], "excluded_lines": [75, 76, 81, 82, 87, 88, 107, 108], "functions": {"ToolResult.to_content": {"executed_lines": [57, 58, 60], "summary": {"covered_lines": 3, "num_statements": 3, "percent_covered": 100.0, "percent_covered_display": "100", "missing_lines": 0, "excluded_lines": 0, "percent_statements_covered": 100.0, "percent_statements_covered_display": "100"}, "missing_lines": [], "excluded_lines": []}, "Tool.name": {"executed_lines": [], "summary": {"covered_lines": 0, "num_statements": 0, "percent_covered": 100.0, "percent_covered_display": "100", "missing_lines": 0, "excluded_lines": 1, "percent_statements_covered": 100.0, "percent_statements_covered_display": "100"}, "missing_lines": [], "excluded_lines": [75]}, "Tool.description": {"executed_lines": [], "summary": {"covered_lines": 0, "num_statements": 0, "percent_covered": 100.0, "percent_covered_display": "100", "missing_lines": 0, "excluded_lines": 1, "percent_statements_covered": 100.0, "percent_statements_covered_display": "100"}, "missing_lines": [], "excluded_lines": [81]}, "Tool.parameters": {"executed_lines": [], "summary": {"covered_lines": 0, "num_statements": 0, "percent_covered": 100.0, "percent_covered_display": "100", "missing_lines": 0, "excluded_lines": 1, "percent_statements_covered": 100.0, "percent_statements_covered_display": "100"}, "missing_lines": [], "excluded_lines": [87]}, "Tool.execute": {"executed_lines": [], "summary": {"covered_lines": 0, "num_statements": 0, "percent_covered": 100.0, "percent_covered_display": "100", "missing_lines": 0, "excluded_lines": 1, "percent_statements_covered": 100.0, "percent_statements_covered_display": "100"}, "missing_lines": [], "excluded_lines": [107]}, "Tool.to_schema": {"executed_lines": [116], "summary": {"covered_lines": 1, "num_statements": 1, "percent_covered": 100.0, "percent_covered_display": "100", "missing_lines": 0, "excluded_lines": 0, "percent_statements_covered": 100.0, "percent_statements_covered_display": "100"}, "missing_lines": [], "excluded_lines": []}, "ToolRegistry.__init__": {"executed_lines": [135, 136], "summary": {"covered_lines": 2, "num_statements": 2, "percent_covered": 100.0, "percent_covered_display": "100", "missing_lines": 0, "excluded_lines": 0, "percent_statements_covered": 100.0, "percent_statements_covered_display": "100"}, "missing_lines": [], "excluded_lines": []}, "ToolRegistry.register": {"executed_lines": [148, 149, 150, 151], "summary": {"covered_lines": 4, "num_statements": 4, "percent_covered": 100.0, "percent_covered_display": "100", "missing_lines": 0, "excluded_lines": 0, "percent_statements_covered": 100.0, "percent_statements_covered_display": "100"}, "missing_lines": [], "excluded_lines": []}, "ToolRegistry.get": {"executed_lines": [163], "summary": {"covered_lines": 1, "num_statements": 1, "percent_covered": 100.0, "percent_covered_display": "100", "missing_lines": 0, "excluded_lines": 0, "percent_statements_covered": 100.0, "percent_statements_covered_display": "100"}, "missing_lines": [], "excluded_lines": []}, "ToolRegistry.execute": {"executed_lines": [184, 185, 186, 187], "summary": {"covered_lines": 4, "num_statements": 12, "percent_covered": 33.333333333333336, "percent_covered_display": "33", "missing_lines": 8, "excluded_lines": 0, "percent_statements_covered": 33.333333333333336, "percent_statements_covered_display": "33"}, "missing_lines": [193, 194, 195, 196, 197, 198, 199, 200], "excluded_lines": []}, "ToolRegistry.list_tools": {"executed_lines": [213], "summary": {"covered_lines": 1, "num_statements": 1, "percent_covered": 100.0, "percent_covered_display": "100", "missing_lines": 0, "excluded_lines": 0, "percent_statements_covered": 100.0, "percent_statements_covered_display": "100"}, "missing_lines": [], "excluded_lines": []}, "ToolRegistry.get_schemas": {"executed_lines": [222], "summary": {"covered_lines": 1, "num_statements": 1, "percent_covered": 100.0, "percent_covered_display": "100", "missing_lines": 0, "excluded_lines": 0, "percent_statements_covered": 100.0, "percent_statements_covered_display": "100"}, "missing_lines": [], "excluded_lines": []}, "ToolRegistry.__len__": {"executed_lines": [226], "summary": {"covered_lines": 1, "num_statements": 1, "percent_covered": 100.0, "percent_covered_display": "100", "missing_lines": 0, "excluded_lines": 0, "percent_statements_covered": 100.0, "percent_statements_covered_display": "100"}, "missing_lines": [], "excluded_lines": []}, "ToolRegistry.__contains__": {"executed_lines": [230], "summary": {"covered_lines": 1, "num_statements": 1, "percent_covered": 100.0, "percent_covered_display": "100", "missing_lines": 0, "excluded_lines": 0, "percent_statements_covered": 100.0, "percent_statements_covered_display": "100"}, "missing_lines": [], "excluded_lines": []}, "get_default_registry": {"executed_lines": [246, 247, 250, 257, 258, 259, 263, 270, 271, 272, 273, 274, 275, 276, 277, 280, 281, 282, 283, 284, 286, 288], "summary": {"covered_lines": 22, "num_statements": 22, "percent_covered": 100.0, "percent_covered_display": "100", "missing_lines": 0, "excluded_lines": 0, "percent_statements_covered": 100.0, "percent_statements_covered_display": "100"}, "missing_lines": [], "excluded_lines": []}, "": {"executed_lines": [1, 10, 11, 12, 13, 14, 16, 18, 26, 30, 33, 34, 35, 45, 46, 47, 48, 50, 63, 64, 71, 72, 73, 77, 78, 79, 83, 84, 85, 89, 90, 109, 126, 127, 133, 138, 153, 165, 206, 215, 224, 228, 234, 237], "summary": {"covered_lines": 40, "num_statements": 40, "percent_covered": 100.0, "percent_covered_display": "100", "missing_lines": 0, "excluded_lines": 4, "percent_statements_covered": 100.0, "percent_statements_covered_display": "100"}, "missing_lines": [], "excluded_lines": [76, 82, 88, 108]}}, "classes": {"ToolResult": {"executed_lines": [57, 58, 60], "summary": {"covered_lines": 3, "num_statements": 3, "percent_covered": 100.0, "percent_covered_display": "100", "missing_lines": 0, "excluded_lines": 0, "percent_statements_covered": 100.0, "percent_statements_covered_display": "100"}, "missing_lines": [], "excluded_lines": []}, "Tool": {"executed_lines": [116], "summary": {"covered_lines": 1, "num_statements": 1, "percent_covered": 100.0, "percent_covered_display": "100", "missing_lines": 0, "excluded_lines": 4, "percent_statements_covered": 100.0, "percent_statements_covered_display": "100"}, "missing_lines": [], "excluded_lines": [75, 81, 87, 107]}, "ToolRegistry": {"executed_lines": [135, 136, 148, 149, 150, 151, 163, 184, 185, 186, 187, 213, 222, 226, 230], "summary": {"covered_lines": 15, "num_statements": 23, "percent_covered": 65.21739130434783, "percent_covered_display": "65", "missing_lines": 8, "excluded_lines": 0, "percent_statements_covered": 65.21739130434783, "percent_statements_covered_display": "65"}, "missing_lines": [193, 194, 195, 196, 197, 198, 199, 200], "excluded_lines": []}, "": {"executed_lines": [1, 10, 11, 12, 13, 14, 16, 18, 26, 30, 33, 34, 35, 45, 46, 47, 48, 50, 63, 64, 71, 72, 73, 77, 78, 79, 83, 84, 85, 89, 90, 109, 126, 127, 133, 138, 153, 165, 206, 215, 224, 228, 234, 237, 246, 247, 250, 257, 258, 259, 263, 270, 271, 272, 273, 274, 275, 276, 277, 280, 281, 282, 283, 284, 286, 288], "summary": {"covered_lines": 62, "num_statements": 62, "percent_covered": 100.0, "percent_covered_display": "100", "missing_lines": 0, "excluded_lines": 4, "percent_statements_covered": 100.0, "percent_statements_covered_display": "100"}, "missing_lines": [], "excluded_lines": [76, 82, 88, 108]}}}, "summarize_links\\chat\\tools\\filesystem.py": {"executed_lines": [1, 10, 11, 12, 13, 14, 16, 17, 18, 19, 20, 22, 29, 32, 33, 40, 41, 42, 44, 45, 46, 52, 53, 54, 73, 92, 93, 95, 96, 102, 103, 105, 107, 114, 117, 118, 122, 123, 129, 132, 133, 134, 136, 137, 143, 144, 146, 160, 166, 169, 170, 174, 182, 184, 185, 186, 187, 190, 191, 194, 197, 198, 199, 201, 202, 203, 204, 206, 207, 215, 216, 217, 218, 223, 235, 236, 243, 244, 245, 247, 248, 249, 255, 256, 257, 272, 291, 292, 294, 295, 301, 302, 309, 312, 314, 317, 318, 325, 326, 332, 347, 348, 355, 356, 357, 359, 360, 361, 368, 369, 370, 402, 424, 425, 426, 427, 428, 430, 431, 437, 438, 445, 449, 450, 454, 457, 458, 474, 485, 486, 487, 490, 491, 492, 494, 495, 496, 498, 505, 506, 509, 512, 513, 515, 525, 537, 539, 542, 543, 545, 547, 548, 550, 554, 557, 558, 559, 560, 563, 566, 567, 568, 569, 570, 572, 575, 576, 583, 584, 585, 587, 588, 589, 595, 596, 597, 620, 640, 641, 642, 644, 651, 652, 659, 663, 664, 668, 669, 675, 678, 679, 680, 683, 684, 686, 687, 689, 690, 691, 693, 695, 696, 703, 706, 707, 708, 710, 711, 713, 727, 729, 730, 732, 733, 734, 736, 737, 740, 742, 743, 745, 748, 749, 755, 756, 757, 759, 760, 761, 767, 768, 769, 798, 818, 819, 820, 822, 823, 829, 830, 836, 837, 840, 841, 843, 852, 853, 856, 858, 861, 862, 868, 876, 877, 885, 886, 887, 888, 889, 891, 910, 919, 920, 922, 926, 927, 928, 929, 931, 932, 938, 940, 941, 942, 948, 949, 952, 954, 957, 958, 959, 960, 963], "summary": {"covered_lines": 277, "num_statements": 328, "percent_covered": 84.45121951219512, "percent_covered_display": "84", "missing_lines": 51, "excluded_lines": 0, "percent_statements_covered": 84.45121951219512, "percent_statements_covered_display": "84"}, "missing_lines": [120, 130, 152, 153, 154, 172, 175, 192, 195, 209, 210, 211, 212, 219, 220, 221, 310, 315, 338, 339, 340, 446, 452, 455, 466, 467, 468, 551, 552, 645, 660, 666, 676, 719, 720, 721, 735, 741, 859, 869, 878, 879, 902, 903, 904, 923, 955, 961, 975, 976, 977], "excluded_lines": [], "functions": {"CleanWhitespaceTool.name": {"executed_lines": [42], "summary": {"covered_lines": 1, "num_statements": 1, "percent_covered": 100.0, "percent_covered_display": "100", "missing_lines": 0, "excluded_lines": 0, "percent_statements_covered": 100.0, "percent_statements_covered_display": "100"}, "missing_lines": [], "excluded_lines": []}, "CleanWhitespaceTool.description": {"executed_lines": [46], "summary": {"covered_lines": 1, "num_statements": 1, "percent_covered": 100.0, "percent_covered_display": "100", "missing_lines": 0, "excluded_lines": 0, "percent_statements_covered": 100.0, "percent_statements_covered_display": "100"}, "missing_lines": [], "excluded_lines": []}, "CleanWhitespaceTool.parameters": {"executed_lines": [54], "summary": {"covered_lines": 1, "num_statements": 1, "percent_covered": 100.0, "percent_covered_display": "100", "missing_lines": 0, "excluded_lines": 0, "percent_statements_covered": 100.0, "percent_statements_covered_display": "100"}, "missing_lines": [], "excluded_lines": []}, "CleanWhitespaceTool.execute": {"executed_lines": [92, 93, 95, 96, 102, 103, 105], "summary": {"covered_lines": 7, "num_statements": 7, "percent_covered": 100.0, "percent_covered_display": "100", "missing_lines": 0, "excluded_lines": 0, "percent_statements_covered": 100.0, "percent_statements_covered_display": "100"}, "missing_lines": [], "excluded_lines": []}, "CleanWhitespaceTool._clean_single_note": {"executed_lines": [114, 117, 118, 122, 123, 129, 132, 133, 134, 136, 137, 143, 144, 146], "summary": {"covered_lines": 14, "num_statements": 19, "percent_covered": 73.6842105263158, "percent_covered_display": "74", "missing_lines": 5, "excluded_lines": 0, "percent_statements_covered": 73.6842105263158, "percent_statements_covered_display": "74"}, "missing_lines": [120, 130, 152, 153, 154], "excluded_lines": []}, "CleanWhitespaceTool._clean_all_notes": {"executed_lines": [166, 169, 170, 174, 182, 184, 185, 186, 187, 190, 191, 194, 197, 198, 199, 201, 202, 203, 204, 206, 207, 215, 216, 217, 218, 223], "summary": {"covered_lines": 26, "num_statements": 37, "percent_covered": 70.27027027027027, "percent_covered_display": "70", "missing_lines": 11, "excluded_lines": 0, "percent_statements_covered": 70.27027027027027, "percent_statements_covered_display": "70"}, "missing_lines": [172, 175, 192, 195, 209, 210, 211, 212, 219, 220, 221], "excluded_lines": []}, "RemoveUrlFromNoteTool.name": {"executed_lines": [245], "summary": {"covered_lines": 1, "num_statements": 1, "percent_covered": 100.0, "percent_covered_display": "100", "missing_lines": 0, "excluded_lines": 0, "percent_statements_covered": 100.0, "percent_statements_covered_display": "100"}, "missing_lines": [], "excluded_lines": []}, "RemoveUrlFromNoteTool.description": {"executed_lines": [249], "summary": {"covered_lines": 1, "num_statements": 1, "percent_covered": 100.0, "percent_covered_display": "100", "missing_lines": 0, "excluded_lines": 0, "percent_statements_covered": 100.0, "percent_statements_covered_display": "100"}, "missing_lines": [], "excluded_lines": []}, "RemoveUrlFromNoteTool.parameters": {"executed_lines": [257], "summary": {"covered_lines": 1, "num_statements": 1, "percent_covered": 100.0, "percent_covered_display": "100", "missing_lines": 0, "excluded_lines": 0, "percent_statements_covered": 100.0, "percent_statements_covered_display": "100"}, "missing_lines": [], "excluded_lines": []}, "RemoveUrlFromNoteTool.execute": {"executed_lines": [291, 292, 294, 295, 301, 302, 309, 312, 314, 317, 318, 325, 326, 332], "summary": {"covered_lines": 14, "num_statements": 19, "percent_covered": 73.6842105263158, "percent_covered_display": "74", "missing_lines": 5, "excluded_lines": 0, "percent_statements_covered": 73.6842105263158, "percent_statements_covered_display": "74"}, "missing_lines": [310, 315, 338, 339, 340], "excluded_lines": []}, "AddTextToNoteTool.name": {"executed_lines": [357], "summary": {"covered_lines": 1, "num_statements": 1, "percent_covered": 100.0, "percent_covered_display": "100", "missing_lines": 0, "excluded_lines": 0, "percent_statements_covered": 100.0, "percent_statements_covered_display": "100"}, "missing_lines": [], "excluded_lines": []}, "AddTextToNoteTool.description": {"executed_lines": [361], "summary": {"covered_lines": 1, "num_statements": 1, "percent_covered": 100.0, "percent_covered_display": "100", "missing_lines": 0, "excluded_lines": 0, "percent_statements_covered": 100.0, "percent_statements_covered_display": "100"}, "missing_lines": [], "excluded_lines": []}, "AddTextToNoteTool.parameters": {"executed_lines": [370], "summary": {"covered_lines": 1, "num_statements": 1, "percent_covered": 100.0, "percent_covered_display": "100", "missing_lines": 0, "excluded_lines": 0, "percent_statements_covered": 100.0, "percent_statements_covered_display": "100"}, "missing_lines": [], "excluded_lines": []}, "AddTextToNoteTool.execute": {"executed_lines": [424, 425, 426, 427, 428, 430, 431, 437, 438, 445, 449, 450, 454, 457, 458], "summary": {"covered_lines": 15, "num_statements": 21, "percent_covered": 71.42857142857143, "percent_covered_display": "71", "missing_lines": 6, "excluded_lines": 0, "percent_statements_covered": 71.42857142857143, "percent_statements_covered_display": "71"}, "missing_lines": [446, 452, 455, 466, 467, 468], "excluded_lines": []}, "AddTextToNoteTool._add_content_to_note": {"executed_lines": [485, 486, 487, 490, 491, 492, 494, 495, 496, 498, 505, 506, 509, 512, 513, 515], "summary": {"covered_lines": 16, "num_statements": 16, "percent_covered": 100.0, "percent_covered_display": "100", "missing_lines": 0, "excluded_lines": 0, "percent_statements_covered": 100.0, "percent_statements_covered_display": "100"}, "missing_lines": [], "excluded_lines": []}, "AddTextToNoteTool._add_to_section": {"executed_lines": [537, 539, 542, 543, 545, 547, 548, 550, 554, 557, 558, 559, 560, 563, 566, 567, 568, 569, 570, 572], "summary": {"covered_lines": 20, "num_statements": 22, "percent_covered": 90.9090909090909, "percent_covered_display": "91", "missing_lines": 2, "excluded_lines": 0, "percent_statements_covered": 90.9090909090909, "percent_statements_covered_display": "91"}, "missing_lines": [551, 552], "excluded_lines": []}, "RemoveLineFromNoteTool.name": {"executed_lines": [585], "summary": {"covered_lines": 1, "num_statements": 1, "percent_covered": 100.0, "percent_covered_display": "100", "missing_lines": 0, "excluded_lines": 0, "percent_statements_covered": 100.0, "percent_statements_covered_display": "100"}, "missing_lines": [], "excluded_lines": []}, "RemoveLineFromNoteTool.description": {"executed_lines": [589], "summary": {"covered_lines": 1, "num_statements": 1, "percent_covered": 100.0, "percent_covered_display": "100", "missing_lines": 0, "excluded_lines": 0, "percent_statements_covered": 100.0, "percent_statements_covered_display": "100"}, "missing_lines": [], "excluded_lines": []}, "RemoveLineFromNoteTool.parameters": {"executed_lines": [597], "summary": {"covered_lines": 1, "num_statements": 1, "percent_covered": 100.0, "percent_covered_display": "100", "missing_lines": 0, "excluded_lines": 0, "percent_statements_covered": 100.0, "percent_statements_covered_display": "100"}, "missing_lines": [], "excluded_lines": []}, "RemoveLineFromNoteTool.execute": {"executed_lines": [640, 641, 642, 644, 651, 652, 659, 663, 664, 668, 669, 675, 678, 679, 680, 683, 684, 686, 687, 689, 690, 691, 693, 695, 696, 703, 706, 707, 708, 710, 711, 713], "summary": {"covered_lines": 32, "num_statements": 39, "percent_covered": 82.05128205128206, "percent_covered_display": "82", "missing_lines": 7, "excluded_lines": 0, "percent_statements_covered": 82.05128205128206, "percent_statements_covered_display": "82"}, "missing_lines": [645, 660, 666, 676, 719, 720, 721], "excluded_lines": []}, "RemoveLineFromNoteTool._clean_blank_lines": {"executed_lines": [729, 730, 732, 733, 734, 736, 737, 740, 742, 743, 745], "summary": {"covered_lines": 11, "num_statements": 13, "percent_covered": 84.61538461538461, "percent_covered_display": "85", "missing_lines": 2, "excluded_lines": 0, "percent_statements_covered": 84.61538461538461, "percent_statements_covered_display": "85"}, "missing_lines": [735, 741], "excluded_lines": []}, "ReadNoteTool.name": {"executed_lines": [757], "summary": {"covered_lines": 1, "num_statements": 1, "percent_covered": 100.0, "percent_covered_display": "100", "missing_lines": 0, "excluded_lines": 0, "percent_statements_covered": 100.0, "percent_statements_covered_display": "100"}, "missing_lines": [], "excluded_lines": []}, "ReadNoteTool.description": {"executed_lines": [761], "summary": {"covered_lines": 1, "num_statements": 1, "percent_covered": 100.0, "percent_covered_display": "100", "missing_lines": 0, "excluded_lines": 0, "percent_statements_covered": 100.0, "percent_statements_covered_display": "100"}, "missing_lines": [], "excluded_lines": []}, "ReadNoteTool.parameters": {"executed_lines": [769], "summary": {"covered_lines": 1, "num_statements": 1, "percent_covered": 100.0, "percent_covered_display": "100", "missing_lines": 0, "excluded_lines": 0, "percent_statements_covered": 100.0, "percent_statements_covered_display": "100"}, "missing_lines": [], "excluded_lines": []}, "ReadNoteTool.execute": {"executed_lines": [818, 819, 820, 822, 823, 829, 830, 836, 837, 840, 841], "summary": {"covered_lines": 11, "num_statements": 11, "percent_covered": 100.0, "percent_covered_display": "100", "missing_lines": 0, "excluded_lines": 0, "percent_statements_covered": 100.0, "percent_statements_covered_display": "100"}, "missing_lines": [], "excluded_lines": []}, "ReadNoteTool._read_by_path": {"executed_lines": [852, 853, 856, 858, 861, 862, 868, 876, 877, 885, 886, 887, 888, 889, 891], "summary": {"covered_lines": 15, "num_statements": 22, "percent_covered": 68.18181818181819, "percent_covered_display": "68", "missing_lines": 7, "excluded_lines": 0, "percent_statements_covered": 68.18181818181819, "percent_statements_covered_display": "68"}, "missing_lines": [859, 869, 878, 879, 902, 903, 904], "excluded_lines": []}, "ReadNoteTool._read_by_name": {"executed_lines": [919, 920, 922, 926, 927, 928, 929, 931, 932, 938, 940, 941, 942, 948, 949, 952, 954, 957, 958, 959, 960, 963], "summary": {"covered_lines": 22, "num_statements": 28, "percent_covered": 78.57142857142857, "percent_covered_display": "79", "missing_lines": 6, "excluded_lines": 0, "percent_statements_covered": 78.57142857142857, "percent_statements_covered_display": "79"}, "missing_lines": [923, 955, 961, 975, 976, 977], "excluded_lines": []}, "": {"executed_lines": [1, 10, 11, 12, 13, 14, 16, 17, 18, 19, 20, 22, 29, 32, 33, 40, 41, 44, 45, 52, 53, 73, 107, 160, 235, 236, 243, 244, 247, 248, 255, 256, 272, 347, 348, 355, 356, 359, 360, 368, 369, 402, 474, 525, 575, 576, 583, 584, 587, 588, 595, 596, 620, 727, 748, 749, 755, 756, 759, 760, 767, 768, 798, 843, 910], "summary": {"covered_lines": 59, "num_statements": 59, "percent_covered": 100.0, "percent_covered_display": "100", "missing_lines": 0, "excluded_lines": 0, "percent_statements_covered": 100.0, "percent_statements_covered_display": "100"}, "missing_lines": [], "excluded_lines": []}}, "classes": {"CleanWhitespaceTool": {"executed_lines": [42, 46, 54, 92, 93, 95, 96, 102, 103, 105, 114, 117, 118, 122, 123, 129, 132, 133, 134, 136, 137, 143, 144, 146, 166, 169, 170, 174, 182, 184, 185, 186, 187, 190, 191, 194, 197, 198, 199, 201, 202, 203, 204, 206, 207, 215, 216, 217, 218, 223], "summary": {"covered_lines": 50, "num_statements": 66, "percent_covered": 75.75757575757575, "percent_covered_display": "76", "missing_lines": 16, "excluded_lines": 0, "percent_statements_covered": 75.75757575757575, "percent_statements_covered_display": "76"}, "missing_lines": [120, 130, 152, 153, 154, 172, 175, 192, 195, 209, 210, 211, 212, 219, 220, 221], "excluded_lines": []}, "RemoveUrlFromNoteTool": {"executed_lines": [245, 249, 257, 291, 292, 294, 295, 301, 302, 309, 312, 314, 317, 318, 325, 326, 332], "summary": {"covered_lines": 17, "num_statements": 22, "percent_covered": 77.27272727272727, "percent_covered_display": "77", "missing_lines": 5, "excluded_lines": 0, "percent_statements_covered": 77.27272727272727, "percent_statements_covered_display": "77"}, "missing_lines": [310, 315, 338, 339, 340], "excluded_lines": []}, "AddTextToNoteTool": {"executed_lines": [357, 361, 370, 424, 425, 426, 427, 428, 430, 431, 437, 438, 445, 449, 450, 454, 457, 458, 485, 486, 487, 490, 491, 492, 494, 495, 496, 498, 505, 506, 509, 512, 513, 515, 537, 539, 542, 543, 545, 547, 548, 550, 554, 557, 558, 559, 560, 563, 566, 567, 568, 569, 570, 572], "summary": {"covered_lines": 54, "num_statements": 62, "percent_covered": 87.09677419354838, "percent_covered_display": "87", "missing_lines": 8, "excluded_lines": 0, "percent_statements_covered": 87.09677419354838, "percent_statements_covered_display": "87"}, "missing_lines": [446, 452, 455, 466, 467, 468, 551, 552], "excluded_lines": []}, "RemoveLineFromNoteTool": {"executed_lines": [585, 589, 597, 640, 641, 642, 644, 651, 652, 659, 663, 664, 668, 669, 675, 678, 679, 680, 683, 684, 686, 687, 689, 690, 691, 693, 695, 696, 703, 706, 707, 708, 710, 711, 713, 729, 730, 732, 733, 734, 736, 737, 740, 742, 743, 745], "summary": {"covered_lines": 46, "num_statements": 55, "percent_covered": 83.63636363636364, "percent_covered_display": "84", "missing_lines": 9, "excluded_lines": 0, "percent_statements_covered": 83.63636363636364, "percent_statements_covered_display": "84"}, "missing_lines": [645, 660, 666, 676, 719, 720, 721, 735, 741], "excluded_lines": []}, "ReadNoteTool": {"executed_lines": [757, 761, 769, 818, 819, 820, 822, 823, 829, 830, 836, 837, 840, 841, 852, 853, 856, 858, 861, 862, 868, 876, 877, 885, 886, 887, 888, 889, 891, 919, 920, 922, 926, 927, 928, 929, 931, 932, 938, 940, 941, 942, 948, 949, 952, 954, 957, 958, 959, 960, 963], "summary": {"covered_lines": 51, "num_statements": 64, "percent_covered": 79.6875, "percent_covered_display": "80", "missing_lines": 13, "excluded_lines": 0, "percent_statements_covered": 79.6875, "percent_statements_covered_display": "80"}, "missing_lines": [859, 869, 878, 879, 902, 903, 904, 923, 955, 961, 975, 976, 977], "excluded_lines": []}, "": {"executed_lines": [1, 10, 11, 12, 13, 14, 16, 17, 18, 19, 20, 22, 29, 32, 33, 40, 41, 44, 45, 52, 53, 73, 107, 160, 235, 236, 243, 244, 247, 248, 255, 256, 272, 347, 348, 355, 356, 359, 360, 368, 369, 402, 474, 525, 575, 576, 583, 584, 587, 588, 595, 596, 620, 727, 748, 749, 755, 756, 759, 760, 767, 768, 798, 843, 910], "summary": {"covered_lines": 59, "num_statements": 59, "percent_covered": 100.0, "percent_covered_display": "100", "missing_lines": 0, "excluded_lines": 0, "percent_statements_covered": 100.0, "percent_statements_covered_display": "100"}, "missing_lines": [], "excluded_lines": []}}}, "summarize_links\\chat\\tools\\notes.py": {"executed_lines": [1, 9, 10, 11, 13, 14, 15, 22, 26, 29, 30, 37, 38, 39, 41, 42, 43, 49, 50, 51, 72, 91, 92, 93, 95, 96, 102, 103, 105, 107, 115, 116, 118, 122, 123, 124, 127, 130, 132, 133, 138, 139, 146, 148, 149, 156, 157, 159, 160, 167, 168, 170, 179, 180, 182, 183, 192, 194, 195, 196, 197, 198, 199, 201, 202, 204, 215, 222, 225, 230, 231, 238, 239, 241, 242, 245, 246, 250, 251, 256, 258, 259, 260, 267, 268, 270, 278, 279, 281, 282, 293, 301, 303, 304, 305, 306, 307, 308, 311, 312, 314, 315, 318, 320], "summary": {"covered_lines": 102, "num_statements": 109, "percent_covered": 93.57798165137615, "percent_covered_display": "94", "missing_lines": 7, "excluded_lines": 0, "percent_statements_covered": 93.57798165137615, "percent_statements_covered_display": "94"}, "missing_lines": [247, 248, 289, 290, 291, 294, 316], "excluded_lines": [], "functions": {"FindUrlsInNotesTool.name": {"executed_lines": [39], "summary": {"covered_lines": 1, "num_statements": 1, "percent_covered": 100.0, "percent_covered_display": "100", "missing_lines": 0, "excluded_lines": 0, "percent_statements_covered": 100.0, "percent_statements_covered_display": "100"}, "missing_lines": [], "excluded_lines": []}, "FindUrlsInNotesTool.description": {"executed_lines": [43], "summary": {"covered_lines": 1, "num_statements": 1, "percent_covered": 100.0, "percent_covered_display": "100", "missing_lines": 0, "excluded_lines": 0, "percent_statements_covered": 100.0, "percent_statements_covered_display": "100"}, "missing_lines": [], "excluded_lines": []}, "FindUrlsInNotesTool.parameters": {"executed_lines": [51], "summary": {"covered_lines": 1, "num_statements": 1, "percent_covered": 100.0, "percent_covered_display": "100", "missing_lines": 0, "excluded_lines": 0, "percent_statements_covered": 100.0, "percent_statements_covered_display": "100"}, "missing_lines": [], "excluded_lines": []}, "FindUrlsInNotesTool.execute": {"executed_lines": [91, 92, 93, 95, 96, 102, 103, 105], "summary": {"covered_lines": 8, "num_statements": 8, "percent_covered": 100.0, "percent_covered_display": "100", "missing_lines": 0, "excluded_lines": 0, "percent_statements_covered": 100.0, "percent_statements_covered_display": "100"}, "missing_lines": [], "excluded_lines": []}, "FindUrlsInNotesTool._search_single_note": {"executed_lines": [115, 116, 118, 122, 123, 124, 127, 130, 132, 133, 138, 139, 146, 148, 149, 156, 157, 159, 160, 167, 168, 170, 179, 180, 182, 183, 192, 194, 195, 196, 197, 198, 199, 201, 202, 204], "summary": {"covered_lines": 36, "num_statements": 36, "percent_covered": 100.0, "percent_covered_display": "100", "missing_lines": 0, "excluded_lines": 0, "percent_statements_covered": 100.0, "percent_statements_covered_display": "100"}, "missing_lines": [], "excluded_lines": []}, "FindUrlsInNotesTool._search_all_notes": {"executed_lines": [222, 225, 230, 231, 238, 239, 241, 242, 245, 246, 250, 251, 256, 258, 259, 260, 267, 268, 270, 278, 279, 281, 282, 293, 301, 303, 304, 305, 306, 307, 308, 311, 312, 314, 315, 318, 320], "summary": {"covered_lines": 37, "num_statements": 44, "percent_covered": 84.0909090909091, "percent_covered_display": "84", "missing_lines": 7, "excluded_lines": 0, "percent_statements_covered": 84.0909090909091, "percent_statements_covered_display": "84"}, "missing_lines": [247, 248, 289, 290, 291, 294, 316], "excluded_lines": []}, "": {"executed_lines": [1, 9, 10, 11, 13, 14, 15, 22, 26, 29, 30, 37, 38, 41, 42, 49, 50, 72, 107, 215], "summary": {"covered_lines": 18, "num_statements": 18, "percent_covered": 100.0, "percent_covered_display": "100", "missing_lines": 0, "excluded_lines": 0, "percent_statements_covered": 100.0, "percent_statements_covered_display": "100"}, "missing_lines": [], "excluded_lines": []}}, "classes": {"FindUrlsInNotesTool": {"executed_lines": [39, 43, 51, 91, 92, 93, 95, 96, 102, 103, 105, 115, 116, 118, 122, 123, 124, 127, 130, 132, 133, 138, 139, 146, 148, 149, 156, 157, 159, 160, 167, 168, 170, 179, 180, 182, 183, 192, 194, 195, 196, 197, 198, 199, 201, 202, 204, 222, 225, 230, 231, 238, 239, 241, 242, 245, 246, 250, 251, 256, 258, 259, 260, 267, 268, 270, 278, 279, 281, 282, 293, 301, 303, 304, 305, 306, 307, 308, 311, 312, 314, 315, 318, 320], "summary": {"covered_lines": 84, "num_statements": 91, "percent_covered": 92.3076923076923, "percent_covered_display": "92", "missing_lines": 7, "excluded_lines": 0, "percent_statements_covered": 92.3076923076923, "percent_statements_covered_display": "92"}, "missing_lines": [247, 248, 289, 290, 291, 294, 316], "excluded_lines": []}, "": {"executed_lines": [1, 9, 10, 11, 13, 14, 15, 22, 26, 29, 30, 37, 38, 41, 42, 49, 50, 72, 107, 215], "summary": {"covered_lines": 18, "num_statements": 18, "percent_covered": 100.0, "percent_covered_display": "100", "missing_lines": 0, "excluded_lines": 0, "percent_statements_covered": 100.0, "percent_statements_covered_display": "100"}, "missing_lines": [], "excluded_lines": []}}}, "summarize_links\\chat\\tools\\summarize.py": {"executed_lines": [1, 9, 10, 11, 12, 13, 14, 16, 17, 18, 25, 26, 27, 28, 29, 37, 42, 46, 47, 56, 68, 69, 70, 72, 75, 76, 79, 81, 84, 85, 92, 93, 94, 96, 97, 98, 103, 104, 105, 121, 141, 142, 144, 152, 155, 158, 159, 165, 168, 169, 176, 177, 199, 201, 202, 227, 229, 233, 234, 235, 240, 241, 242, 245, 262, 263, 270, 305, 312, 315, 316, 341, 342, 343, 355, 356, 367, 368, 369, 372, 386, 387, 394, 395, 396, 398, 399, 400, 407, 408, 409, 424, 437, 440, 441, 445, 449, 451, 452, 455, 456, 457, 458, 473, 483, 484, 48
[...]
647, 649, 652, 656, 658, 659, 660, 664, 668, 669, 670, 671, 672, 673, 674, 675, 676, 677, 683, 684, 689, 693, 695, 696, 697, 698, 704, 705, 710], "summary": {"covered_lines": 48, "num_statements": 63, "percent_covered": 76.19047619047619, "percent_covered_display": "76", "missing_lines": 15, "excluded_lines": 0, "percent_statements_covered": 76.19047619047619, "percent_statements_covered_display": "76"}, "missing_lines": [625, 626, 627, 628, 634, 635, 636, 637, 641, 685, 686, 690, 694, 706, 707], "excluded_lines": []}, "process_resummarize_batch": {"executed_lines": [739, 742, 744, 748, 762, 763, 764, 768, 769, 771, 780, 784, 786, 793, 794, 797, 806, 807, 810, 814, 816, 817, 819, 825, 826, 831], "summary": {"covered_lines": 26, "num_statements": 36, "percent_covered": 72.22222222222223, "percent_covered_display": "72", "missing_lines": 10, "excluded_lines": 0, "percent_statements_covered": 72.22222222222223, "percent_statements_covered_display": "72"}, "missing_lines": [765, 787, 788, 789, 790, 811, 815, 818, 827, 828], "excluded_lines": []}, "": {"executed_lines": [1, 10, 11, 12, 13, 14, 15, 17, 27, 28, 38, 39, 40, 41, 42, 51, 54, 57, 58, 61, 64, 80, 549, 713], "summary": {"covered_lines": 23, "num_statements": 23, "percent_covered": 100.0, "percent_covered_display": "100", "missing_lines": 0, "excluded_lines": 0, "percent_statements_covered": 100.0, "percent_statements_covered_display": "100"}, "missing_lines": [], "excluded_lines": []}}, "classes": {"": {"executed_lines": [1, 10, 11, 12, 13, 14, 15, 17, 27, 28, 38, 39, 40, 41, 42, 51, 54, 57, 58, 61, 64, 80, 110, 112, 115, 117, 118, 122, 126, 129, 130, 133, 137, 140, 142, 145, 149, 151, 152, 155, 165, 176, 178, 179, 181, 185, 186, 193, 194, 195, 220, 222, 223, 225, 226, 233, 234, 238, 242, 246, 247, 250, 253, 259, 262, 263, 268, 269, 271, 277, 278, 279, 280, 281, 284, 289, 290, 297, 298, 299, 302, 303, 307, 311, 312, 315, 327, 328, 330, 332, 334, 344, 347, 350, 352, 362, 366, 384, 385, 386, 407, 410, 411, 420, 421, 422, 442, 443, 445, 446, 448, 450, 451, 453, 454, 462, 464, 465, 467, 468, 476, 478, 479, 481, 482, 490, 492, 506, 520, 534, 535, 537, 538, 546, 549, 576, 579, 581, 585, 599, 600, 601, 602, 605, 606, 607, 609, 618, 622, 624, 631, 632, 633, 646, 647, 649, 652, 656, 658, 659, 660, 664, 668, 669, 670, 671, 672, 673, 674, 675, 676, 677, 683, 684, 689, 693, 695, 696, 697, 698, 704, 705, 710, 713, 739, 742, 744, 748, 762, 763, 764, 768, 769, 771, 780, 784, 786, 793, 794, 797, 806, 807, 810, 814, 816, 817, 819, 825, 826, 831], "summary": {"covered_lines": 209, "num_statements": 259, "percent_covered": 80.6949806949807, "percent_covered_display": "81", "missing_lines": 50, "excluded_lines": 0, "percent_statements_covered": 80.6949806949807, "percent_statements_covered_display": "81"}, "missing_lines": [76, 77, 127, 128, 235, 239, 243, 251, 272, 273, 308, 335, 336, 493, 495, 496, 504, 507, 509, 510, 518, 521, 523, 524, 532, 625, 626, 627, 628, 634, 635, 636, 637, 641, 685, 686, 690, 694, 706, 707, 765, 787, 788, 789, 790, 811, 815, 818, 827, 828], "excluded_lines": []}}}, "summarize_links\\rate_limiter.py": {"executed_lines": [1, 14, 15, 16, 17, 18, 19, 20, 21, 22, 24, 26, 37, 41, 44, 47, 50, 51, 52, 61, 62, 63, 65, 74, 81, 82, 83, 90, 91, 92, 94, 96, 102, 103, 105, 111, 121, 123, 132, 133, 136, 137, 138, 151, 152, 155, 156, 159, 162, 165, 168, 171, 173, 176, 177, 179, 182, 183, 185, 193, 194, 196, 198, 199, 201, 203, 204, 206, 207, 210, 221, 222, 223, 224, 225, 227, 229, 237, 239, 242, 243, 244, 245, 247, 248, 249, 250, 251, 256, 257, 259, 261, 262, 264, 265, 266, 267, 268, 272, 274, 275, 278, 279, 282, 283, 285, 287, 288, 289, 294, 295, 296, 297, 299, 301, 303, 308, 310, 311, 313, 326, 327, 328, 330, 337, 338, 339, 341, 343, 363, 374, 375, 376, 378, 381, 382, 383, 390, 391, 392, 393, 396, 397, 398, 399, 400, 403, 409, 411, 423, 424, 426, 427, 429, 430, 435, 444, 445, 448, 451, 452, 455, 456, 457, 459, 467, 474, 475, 476, 477, 479, 488, 489, 491, 495, 496, 497, 498, 500, 508, 509, 514, 515, 517, 524, 527, 553, 554, 555, 557, 559, 560, 566, 571, 579, 582, 585], "summary": {"covered_lines": 193, "num_statements": 203, "percent_covered": 95.07389162561576, "percent_covered_display": "95", "missing_lines": 10, "excluded_lines": 0, "percent_statements_covered": 95.07389162561576, "percent_statements_covered_display": "95"}, "missing_lines": [208, 240, 269, 270, 305, 306, 402, 432, 433, 492], "excluded_lines": [], "functions": {"ModelRateLimits.with_safety_margin": {"executed_lines": [74], "summary": {"covered_lines": 1, "num_statements": 1, "percent_covered": 100.0, "percent_covered_display": "100", "missing_lines": 0, "excluded_lines": 0, "percent_statements_covered": 100.0, "percent_statements_covered_display": "100"}, "missing_lines": [], "excluded_lines": []}, "RateLimitState.to_dict": {"executed_lines": [96], "summary": {"covered_lines": 1, "num_statements": 1, "percent_covered": 100.0, "percent_covered_display": "100", "missing_lines": 0, "excluded_lines": 0, "percent_statements_covered": 100.0, "percent_statements_covered_display": "100"}, "missing_lines": [], "excluded_lines": []}, "RateLimitState.from_dict": {"executed_lines": [105], "summary": {"covered_lines": 1, "num_statements": 1, "percent_covered": 100.0, "percent_covered_display": "100", "missing_lines": 0, "excluded_lines": 0, "percent_statements_covered": 100.0, "percent_statements_covered_display": "100"}, "missing_lines": [], "excluded_lines": []}, "RateLimitState.get_daily_requests": {"executed_lines": [121], "summary": {"covered_lines": 1, "num_statements": 1, "percent_covered": 100.0, "percent_covered_display": "100", "missing_lines": 0, "excluded_lines": 0, "percent_statements_covered": 100.0, "percent_statements_covered_display": "100"}, "missing_lines": [], "excluded_lines": []}, "RateLimitState.increment_daily_requests": {"executed_lines": [132, 133], "summary": {"covered_lines": 2, "num_statements": 2, "percent_covered": 100.0, "percent_covered_display": "100", "missing_lines": 0, "excluded_lines": 0, "percent_statements_covered": 100.0, "percent_statements_covered_display": "100"}, "missing_lines": [], "excluded_lines": []}, "RateLimiter.__post_init__": {"executed_lines": [176, 177, 179, 182, 183, 185], "summary": {"covered_lines": 6, "num_statements": 6, "percent_covered": 100.0, "percent_covered_display": "100", "missing_lines": 0, "excluded_lines": 0, "percent_statements_covered": 100.0, "percent_statements_covered_display": "100"}, "missing_lines": [], "excluded_lines": []}, "RateLimiter.rpm_limit": {"executed_lines": [196], "summary": {"covered_lines": 1, "num_statements": 1, "percent_covered": 100.0, "percent_covered_display": "100", "missing_lines": 0, "excluded_lines": 0, "percent_statements_covered": 100.0, "percent_statements_covered_display": "100"}, "missing_lines": [], "excluded_lines": []}, "RateLimiter.tpm_limit": {"executed_lines": [201], "summary": {"covered_lines": 1, "num_statements": 1, "percent_covered": 100.0, "percent_covered_display": "100", "missing_lines": 0, "excluded_lines": 0, "percent_statements_covered": 100.0, "percent_statements_covered_display": "100"}, "missing_lines": [], "excluded_lines": []}, "RateLimiter.daily_limit": {"executed_lines": [206, 207], "summary": {"covered_lines": 2, "num_statements": 3, "percent_covered": 66.66666666666667, "percent_covered_display": "67", "missing_lines": 1, "excluded_lines": 0, "percent_statements_covered": 66.66666666666667, "percent_statements_covered_display": "67"}, "missing_lines": [208], "excluded_lines": []}, "RateLimiter.switch_model": {"executed_lines": [221, 222, 223, 224, 225, 227, 229], "summary": {"covered_lines": 7, "num_statements": 7, "percent_covered": 100.0, "percent_covered_display": "100", "missing_lines": 0, "excluded_lines": 0, "percent_statements_covered": 100.0, "percent_statements_covered_display": "100"}, "missing_lines": [], "excluded_lines": []}, "RateLimiter._load_state": {"executed_lines": [239, 242, 243, 244, 245, 247, 248, 249, 250, 251, 256, 257], "summary": {"covered_lines": 12, "num_statements": 13, "percent_covered": 92.3076923076923, "percent_covered_display": "92", "missing_lines": 1, "excluded_lines": 0, "percent_statements_covered": 92.3076923076923, "percent_statements_covered_display": "92"}, "missing_lines": [240], "excluded_lines": []}, "RateLimiter._save_state": {"executed_lines": [261, 262, 264, 265, 266, 267, 268], "summary": {"covered_lines": 7, "num_statements": 9, "percent_covered": 77.77777777777777, "percent_covered_display": "78", "missing_lines": 2, "excluded_lines": 0, "percent_statements_covered": 77.77777777777777, "percent_statements_covered_display": "78"}, "missing_lines": [269, 270], "excluded_lines": []}, "RateLimiter._clean_old_entries": {"executed_lines": [274, 275, 278, 279, 282, 283], "summary": {"covered_lines": 6, "num_statements": 6, "percent_covered": 100.0, "percent_covered_display": "100", "missing_lines": 0, "excluded_lines": 0, "percent_statements_covered": 100.0, "percent_statements_covered_display": "100"}, "missing_lines": [], "excluded_lines": []}, "RateLimiter._reset_daily_if_needed": {"executed_lines": [287, 288, 289, 294, 295, 296, 297], "summary": {"covered_lines": 7, "num_statements": 7, "percent_covered": 100.0, "percent_covered_display": "100", "missing_lines": 0, "excluded_lines": 0, "percent_statements_covered": 100.0, "percent_statements_covered_display": "100"}, "missing_lines": [], "excluded_lines": []}, "RateLimiter._get_current_daily_requests": {"executed_lines": [301], "summary": {"covered_lines": 1, "num_statements": 1, "percent_covered": 100.0, "percent_covered_display": "100", "missing_lines": 0, "excluded_lines": 0, "percent_statements_covered": 100.0, "percent_statements_covered_display": "100"}, "missing_lines": [], "excluded_lines": []}, "RateLimiter._current_rpm": {"executed_lines": [], "summary": {"covered_lines": 0, "num_statements": 2, "percent_covered": 0.0, "percent_covered_display": "0", "missing_lines": 2, "excluded_lines": 0, "percent_statements_covered": 0.0, "percent_statements_covered_display": "0"}, "missing_lines": [305, 306], "excluded_lines": []}, "RateLimiter._current_tpm": {"executed_lines": [310, 311], "summary": {"covered_lines": 2, "num_statements": 2, "percent_covered": 100.0, "percent_covered_display": "100", "missing_lines": 0, "excluded_lines": 0, "percent_statements_covered": 100.0, "percent_statements_covered_display": "100"}, "missing_lines": [], "excluded_lines": []}, "RateLimiter.estimate_tokens": {"executed_lines": [326, 327, 328], "summary": {"covered_lines": 3, "num_statements": 3, "percent_covered": 100.0, "percent_covered_display": "100", "missing_lines": 0, "excluded_lines": 0, "percent_statements_covered": 100.0, "percent_statements_covered_display": "100"}, "missing_lines": [], "excluded_lines": []}, "RateLimiter.get_status": {"executed_lines": [337, 338, 339, 341, 343], "summary": {"covered_lines": 5, "num_statements": 5, "percent_covered": 100.0, "percent_covered_display": "100", "missing_lines": 0, "excluded_lines": 0, "percent_statements_covered": 100.0, "percent_statements_covered_display": "100"}, "missing_lines": [], "excluded_lines": []}, "RateLimiter.check_limits": {"executed_lines": [374, 375, 376, 378, 381, 382, 383, 390, 391, 392, 393, 396, 397, 398, 399, 400, 403, 409], "summary": {"covered_lines": 18, "num_statements": 19, "percent_covered": 94.73684210526316, "percent_covered_display": "95", "missing_lines": 1, "excluded_lines": 0, "percent_statements_covered": 94.73684210526316, "percent_statements_covered_display": "95"}, "missing_lines": [402], "excluded_lines": []}, "RateLimiter.wait_if_needed": {"executed_lines": [423, 424, 426, 427, 429, 430], "summary": {"covered_lines": 6, "num_statements": 8, "percent_covered": 75.0, "percent_covered_display": "75", "missing_lines": 2, "excluded_lines": 0, "percent_statements_covered": 75.0, "percent_statements_covered_display": "75"}, "missing_lines": [432, 433], "excluded_lines": []}, "RateLimiter.record_request": {"executed_lines": [444, 445, 448, 451, 452, 455, 456, 457, 459], "summary": {"covered_lines": 9, "num_statements": 9, "percent_covered": 100.0, "percent_covered_display": "100", "missing_lines": 0, "excluded_lines": 0, "percent_statements_covered": 100.0, "percent_statements_covered_display": "100"}, "missing_lines": [], "excluded_lines": []}, "RateLimiter.get_remaining_daily": {"executed_lines": [474, 475, 476, 477], "summary": {"covered_lines": 4, "num_statements": 4, "percent_covered": 100.0, "percent_covered_display": "100", "missing_lines": 0, "excluded_lines": 0, "percent_statements_covered": 100.0, "percent_statements_covered_display": "100"}, "missing_lines": [], "excluded_lines": []}, "RateLimiter.get_time_until_rpm_slot": {"executed_lines": [488, 489, 491, 495, 496, 497, 498], "summary": {"covered_lines": 7, "num_statements": 8, "percent_covered": 87.5, "percent_covered_display": "88", "missing_lines": 1, "excluded_lines": 0, "percent_statements_covered": 87.5, "percent_statements_covered_display": "88"}, "missing_lines": [492], "excluded_lines": []}, "RateLimiter.mark_rate_limited": {"executed_lines": [508, 509, 514, 515, 517], "summary": {"covered_lines": 5, "num_statements": 5, "percent_covered": 100.0, "percent_covered_display": "100", "missing_lines": 0, "excluded_lines": 0, "percent_statements_covered": 100.0, "percent_statements_covered_display": "100"}, "missing_lines": [], "excluded_lines": []}, "get_rate_limiter": {"executed_lines": [553, 554, 555, 557, 559, 560, 566, 571, 579], "summary": {"covered_lines": 9, "num_statements": 9, "percent_covered": 100.0, "percent_covered_display": "100", "missing_lines": 0, "excluded_lines": 0, "percent_statements_covered": 100.0, "percent_statements_covered_display": "100"}, "missing_lines": [], "excluded_lines": []}, "reset_rate_limiter": {"executed_lines": [585], "summary": {"covered_lines": 1, "num_statements": 1, "percent_covered": 100.0, "percent_covered_display": "100", "missing_lines": 0, "excluded_lines": 0, "percent_statements_covered": 100.0, "percent_statements_covered_display": "100"}, "missing_lines": [], "excluded_lines": []}, "": {"executed_lines": [1, 14, 15, 16, 17, 18, 19, 20, 21, 22, 24, 26, 37, 41, 44, 47, 50, 51, 52, 61, 62, 63, 65, 81, 82, 83, 90, 91, 92, 94, 102, 103, 111, 123, 136, 137, 138, 151, 152, 155, 156, 159, 162, 165, 168, 171, 173, 193, 194, 198, 199, 203, 204, 210, 237, 259, 272, 285, 299, 303, 308, 313, 330, 363, 411, 435, 467, 479, 500, 524, 527, 582], "summary": {"covered_lines": 68, "num_statements": 68, "percent_covered": 100.0, "percent_covered_display": "100", "missing_lines": 0, "excluded_lines": 0, "percent_statements_covered": 100.0, "percent_statements_covered_display": "100"}, "missing_lines": [], "excluded_lines": []}}, "classes": {"ModelRateLimits": {"executed_lines": [74], "summary": {"covered_lines": 1, "num_statements": 1, "percent_covered": 100.0, "percent_covered_display": "100", "missing_lines": 0, "excluded_lines": 0, "percent_statements_covered": 100.0, "percent_statements_covered_display": "100"}, "missing_lines": [], "excluded_lines": []}, "RateLimitState": {"executed_lines": [96, 105, 121, 132, 133], "summary": {"covered_lines": 5, "num_statements": 5, "percent_covered": 100.0, "percent_covered_display": "100", "missing_lines": 0, "excluded_lines": 0, "percent_statements_covered": 100.0, "percent_statements_covered_display": "100"}, "missing_lines": [], "excluded_lines": []}, "RateLimiter": {"executed_lines": [176, 177, 179, 182, 183, 185, 196, 201, 206, 207, 221, 222, 223, 224, 225, 227, 229, 239, 242, 243, 244, 245, 247, 248, 249, 250, 251, 256, 257, 261, 262, 264, 265, 266, 267, 268, 274, 275, 278, 279, 282, 283, 287, 288, 289, 294, 295, 296, 297, 301, 310, 311, 326, 327, 328, 337, 338, 339, 341, 343, 374, 375, 376, 378, 381, 382, 383, 390, 391, 392, 393, 396, 397, 398, 399, 400, 403, 409, 423, 424, 426, 427, 429, 430, 444, 445, 448, 451, 452, 455, 456, 457, 459, 474, 475, 476, 477, 488, 489, 491, 495, 496, 497, 498, 508, 509, 514, 515, 517], "summary": {"covered_lines": 109, "num_statements": 119, "percent_covered": 91.59663865546219, "percent_covered_display": "92", "missing_lines": 10, "excluded_lines": 0, "percent_statements_covered": 91.59663865546219, "percent_statements_covered_display": "92"}, "missing_lines": [208, 240, 269, 270, 305, 306, 402, 432, 433, 492], "excluded_lines": []}, "": {"executed_lines": [1, 14, 15, 16, 17, 18, 19, 20, 21, 22, 24, 26, 37, 41, 44, 47, 50, 51, 52, 61, 62, 63, 65, 81, 82, 83, 90, 91, 92, 94, 102, 103, 111, 123, 136, 137, 138, 151, 152, 155, 156, 159, 162, 165, 168, 171, 173, 193, 194, 198, 199, 203, 204, 210, 237, 259, 272, 285, 299, 303, 308, 313, 330, 363, 411, 435, 467, 479, 500, 524, 527, 553, 554, 555, 557, 559, 560, 566, 571, 579, 582, 585], "summary": {"covered_lines": 78, "num_statements": 78, "percent_covered": 100.0, "percent_covered_display": "100", "missing_lines": 0, "excluded_lines": 0, "percent_statements_covered": 100.0, "percent_statements_covered_display": "100"}, "missing_lines": [], "excluded_lines": []}}}, "summarize_links\\ui.py": {"executed_lines": [1, 8, 10, 11, 14, 17, 20, 31, 34, 43, 44, 47, 50, 57, 60, 67, 68, 69, 71, 72, 73, 75, 78, 79, 80, 82, 83], "summary": {"covered_lines": 26, "num_statements": 27, "percent_covered": 96.29629629629629, "percent_covered_display": "96", "missing_lines": 1, "excluded_lines": 0, "percent_statements_covered": 96.29629629629629, "percent_statements_covered_display": "96"}, "missing_lines": [45], "excluded_lines": [], "functions": {"set_quiet_mode": {"executed_lines": [31], "summary": {"covered_lines": 1, "num_statements": 1, "percent_covered": 100.0, "percent_covered_display": "100", "missing_lines": 0, "excluded_lines": 0, "percent_statements_covered": 100.0, "percent_statements_covered_display": "100"}, "missing_lines": [], "excluded_lines": []}, "print_message": {"executed_lines": [43, 44, 47], "summary": {"covered_lines": 3, "num_statements": 4, "percent_covered": 75.0, "percent_covered_display": "75", "missing_lines": 1, "excluded_lines": 0, "percent_statements_covered": 75.0, "percent_statements_covered_display": "75"}, "missing_lines": [45], "excluded_lines": []}, "print_error": {"executed_lines": [57], "summary": {"covered_lines": 1, "num_statements": 1, "percent_covered": 100.0, "percent_covered_display": "100", "missing_lines": 0, "excluded_lines": 0, "percent_statements_covered": 100.0, "percent_statements_covered_display": "100"}, "missing_lines": [], "excluded_lines": []}, "print_results": {"executed_lines": [67, 68, 69, 71, 72, 73, 75, 78, 79, 80, 82, 83], "summary": {"covered_lines": 12, "num_statements": 12, "percent_covered": 100.0, "percent_covered_display": "100", "missing_lines": 0, "excluded_lines": 0, "percent_statements_covered": 100.0, "percent_statements_covered_display": "100"}, "missing_lines": [], "excluded_lines": []}, "": {"executed_lines": [1, 8, 10, 11, 14, 17, 20, 34, 50, 60], "summary": {"covered_lines": 9, "num_statements": 9, "percent_covered": 100.0, "percent_covered_display": "100", "missing_lines": 0, "excluded_lines": 0, "percent_statements_covered": 100.0, "percent_statements_covered_display": "100"}, "missing_lines": [], "excluded_lines": []}}, "classes": {"": {"executed_lines": [1, 8, 10, 11, 14, 17, 20, 31, 34, 43, 44, 47, 50, 57, 60, 67, 68, 69, 71, 72, 73, 75, 78, 79, 80, 82, 83], "summary": {"covered_lines": 26, "num_statements": 27, "percent_covered": 96.29629629629629, "percent_covered_display": "96", "missing_lines": 1, "excluded_lines": 0, "percent_statements_covered": 96.29629629629629, "percent_statements_covered_display": "96"}, "missing_lines": [45], "excluded_lines": []}}}}, "totals": {"covered_lines": 4543, "num_statements": 5495, "percent_covered": 82.67515923566879, "percent_covered_display": "83", "missing_lines": 952, "excluded_lines": 23, "percent_statements_covered": 82.67515923566879, "percent_statements_covered_display": "83"}}